{"D:\\Users\\vince\\Desktop\\CSC510\\CSC510_Group8_S1-29\\Proj2\\src\\frontend\\src\\App.jsx": {"path":"D:\\Users\\vince\\Desktop\\CSC510\\CSC510_Group8_S1-29\\Proj2\\src\\frontend\\src\\App.jsx","statementMap":{"0":{"start":{"line":11,"column":26},"end":{"line":11,"column":42}},"1":{"start":{"line":12,"column":34},"end":{"line":12,"column":49}},"2":{"start":{"line":13,"column":26},"end":{"line":13,"column":40}},"3":{"start":{"line":15,"column":22},"end":{"line":19,"column":3}},"4":{"start":{"line":16,"column":4},"end":{"line":16,"column":22}},"5":{"start":{"line":17,"column":4},"end":{"line":17,"column":22}},"6":{"start":{"line":18,"column":4},"end":{"line":18,"column":25}},"7":{"start":{"line":21,"column":23},"end":{"line":25,"column":3}},"8":{"start":{"line":22,"column":4},"end":{"line":22,"column":18}},"9":{"start":{"line":23,"column":4},"end":{"line":23,"column":23}},"10":{"start":{"line":24,"column":4},"end":{"line":24,"column":20}},"11":{"start":{"line":27,"column":2},"end":{"line":48,"column":4}},"12":{"start":{"line":39,"column":59},"end":{"line":39,"column":75}}},"fnMap":{"0":{"name":"App","decl":{"start":{"line":10,"column":9},"end":{"line":10,"column":12}},"loc":{"start":{"line":10,"column":15},"end":{"line":49,"column":1}},"line":10},"1":{"name":"(anonymous_1)","decl":{"start":{"line":15,"column":22},"end":{"line":15,"column":23}},"loc":{"start":{"line":15,"column":36},"end":{"line":19,"column":3}},"line":15},"2":{"name":"(anonymous_2)","decl":{"start":{"line":21,"column":23},"end":{"line":21,"column":24}},"loc":{"start":{"line":21,"column":29},"end":{"line":25,"column":3}},"line":21},"3":{"name":"(anonymous_3)","decl":{"start":{"line":39,"column":53},"end":{"line":39,"column":54}},"loc":{"start":{"line":39,"column":59},"end":{"line":39,"column":75}},"line":39}},"branchMap":{"0":{"loc":{"start":{"line":30,"column":7},"end":{"line":32,"column":7}},"type":"binary-expr","locations":[{"start":{"line":30,"column":7},"end":{"line":30,"column":27}},{"start":{"line":31,"column":8},"end":{"line":31,"column":59}}],"line":30},"1":{"loc":{"start":{"line":34,"column":7},"end":{"line":34,"column":55}},"type":"binary-expr","locations":[{"start":{"line":34,"column":7},"end":{"line":34,"column":22}},{"start":{"line":34,"column":26},"end":{"line":34,"column":55}}],"line":34},"2":{"loc":{"start":{"line":36,"column":7},"end":{"line":36,"column":66}},"type":"binary-expr","locations":[{"start":{"line":36,"column":7},"end":{"line":36,"column":23}},{"start":{"line":36,"column":27},"end":{"line":36,"column":66}}],"line":36},"3":{"loc":{"start":{"line":38,"column":7},"end":{"line":40,"column":7}},"type":"binary-expr","locations":[{"start":{"line":38,"column":7},"end":{"line":38,"column":26}},{"start":{"line":39,"column":8},"end":{"line":39,"column":79}}],"line":38},"4":{"loc":{"start":{"line":42,"column":7},"end":{"line":44,"column":7}},"type":"binary-expr","locations":[{"start":{"line":42,"column":7},"end":{"line":42,"column":27}},{"start":{"line":42,"column":31},"end":{"line":42,"column":39}},{"start":{"line":43,"column":8},"end":{"line":43,"column":57}}],"line":42}},"s":{"0":2,"1":1,"2":1,"3":1,"4":0,"5":0,"6":0,"7":1,"8":0,"9":0,"10":0,"11":1,"12":0},"f":{"0":2,"1":0,"2":0,"3":0},"b":{"0":[1,1],"1":[1,1],"2":[1,0],"3":[1,0],"4":[1,0,0]},"_coverageSchema":"1a1c01bbd47fc00a2c39e90264f33305004495a9","hash":"8aafdafdcf56845877bba746f30e7f2bb0990dda"}
,"D:\\Users\\vince\\Desktop\\CSC510\\CSC510_Group8_S1-29\\Proj2\\src\\frontend\\src\\components\\Cart.jsx": {"path":"D:\\Users\\vince\\Desktop\\CSC510\\CSC510_Group8_S1-29\\Proj2\\src\\frontend\\src\\components\\Cart.jsx","statementMap":{"0":{"start":{"line":12,"column":13},"end":{"line":348,"column":1}},"1":{"start":{"line":13,"column":40},"end":{"line":13,"column":55}},"2":{"start":{"line":14,"column":46},"end":{"line":14,"column":61}},"3":{"start":{"line":15,"column":48},"end":{"line":15,"column":62}},"4":{"start":{"line":18,"column":26},"end":{"line":43,"column":3}},"5":{"start":{"line":19,"column":19},"end":{"line":19,"column":20}},"6":{"start":{"line":20,"column":23},"end":{"line":20,"column":24}},"7":{"start":{"line":21,"column":26},"end":{"line":21,"column":27}},"8":{"start":{"line":23,"column":4},"end":{"line":33,"column":7}},"9":{"start":{"line":24,"column":20},"end":{"line":24,"column":68}},"10":{"start":{"line":25,"column":23},"end":{"line":25,"column":46}},"11":{"start":{"line":27,"column":6},"end":{"line":27,"column":40}},"12":{"start":{"line":29,"column":6},"end":{"line":32,"column":7}},"13":{"start":{"line":30,"column":8},"end":{"line":30,"column":41}},"14":{"start":{"line":31,"column":8},"end":{"line":31,"column":59}},"15":{"start":{"line":35,"column":18},"end":{"line":35,"column":26}},"16":{"start":{"line":37,"column":4},"end":{"line":42,"column":6}},"17":{"start":{"line":45,"column":31},"end":{"line":56,"column":3}},"18":{"start":{"line":46,"column":4},"end":{"line":55,"column":7}},"19":{"start":{"line":47,"column":22},"end":{"line":47,"column":35}},"20":{"start":{"line":48,"column":21},"end":{"line":48,"column":52}},"21":{"start":{"line":49,"column":6},"end":{"line":53,"column":7}},"22":{"start":{"line":50,"column":8},"end":{"line":50,"column":33}},"23":{"start":{"line":52,"column":8},"end":{"line":52,"column":65}},"24":{"start":{"line":54,"column":6},"end":{"line":54,"column":21}},"25":{"start":{"line":58,"column":27},"end":{"line":60,"column":3}},"26":{"start":{"line":59,"column":4},"end":{"line":59,"column":66}},"27":{"start":{"line":59,"column":26},"end":{"line":59,"column":64}},"28":{"start":{"line":59,"column":52},"end":{"line":59,"column":63}},"29":{"start":{"line":62,"column":27},"end":{"line":120,"column":3}},"30":{"start":{"line":63,"column":4},"end":{"line":66,"column":5}},"31":{"start":{"line":64,"column":6},"end":{"line":64,"column":35}},"32":{"start":{"line":65,"column":6},"end":{"line":65,"column":13}},"33":{"start":{"line":68,"column":4},"end":{"line":68,"column":28}},"34":{"start":{"line":70,"column":4},"end":{"line":119,"column":5}},"35":{"start":{"line":71,"column":21},"end":{"line":71,"column":38}},"36":{"start":{"line":73,"column":24},"end":{"line":84,"column":7}},"37":{"start":{"line":74,"column":35},"end":{"line":80,"column":9}},"38":{"start":{"line":86,"column":23},"end":{"line":90,"column":8}},"39":{"start":{"line":92,"column":6},"end":{"line":96,"column":7}},"40":{"start":{"line":93,"column":8},"end":{"line":93,"column":77}},"41":{"start":{"line":94,"column":8},"end":{"line":94,"column":58}},"42":{"start":{"line":95,"column":8},"end":{"line":95,"column":15}},"43":{"start":{"line":98,"column":19},"end":{"line":98,"column":40}},"44":{"start":{"line":100,"column":6},"end":{"line":104,"column":7}},"45":{"start":{"line":101,"column":8},"end":{"line":101,"column":53}},"46":{"start":{"line":102,"column":8},"end":{"line":102,"column":72}},"47":{"start":{"line":103,"column":8},"end":{"line":103,"column":15}},"48":{"start":{"line":107,"column":6},"end":{"line":107,"column":33}},"49":{"start":{"line":108,"column":6},"end":{"line":108,"column":27}},"50":{"start":{"line":109,"column":6},"end":{"line":109,"column":18}},"51":{"start":{"line":111,"column":6},"end":{"line":113,"column":7}},"52":{"start":{"line":112,"column":8},"end":{"line":112,"column":28}},"53":{"start":{"line":115,"column":6},"end":{"line":115,"column":49}},"54":{"start":{"line":116,"column":6},"end":{"line":116,"column":54}},"55":{"start":{"line":118,"column":6},"end":{"line":118,"column":31}},"56":{"start":{"line":122,"column":17},"end":{"line":122,"column":34}},"57":{"start":{"line":123,"column":24},"end":{"line":123,"column":49}},"58":{"start":{"line":126,"column":2},"end":{"line":167,"column":3}},"59":{"start":{"line":127,"column":4},"end":{"line":166,"column":6}},"60":{"start":{"line":170,"column":2},"end":{"line":201,"column":3}},"61":{"start":{"line":171,"column":4},"end":{"line":200,"column":6}},"62":{"start":{"line":204,"column":2},"end":{"line":347,"column":4}},"63":{"start":{"line":239,"column":14},"end":{"line":301,"column":20}},"64":{"start":{"line":276,"column":37},"end":{"line":276,"column":68}},"65":{"start":{"line":286,"column":37},"end":{"line":286,"column":67}},"66":{"start":{"line":294,"column":35},"end":{"line":294,"column":58}}},"fnMap":{"0":{"name":"(anonymous_0)","decl":{"start":{"line":12,"column":13},"end":{"line":12,"column":14}},"loc":{"start":{"line":12,"column":65},"end":{"line":348,"column":1}},"line":12},"1":{"name":"(anonymous_1)","decl":{"start":{"line":18,"column":26},"end":{"line":18,"column":27}},"loc":{"start":{"line":18,"column":32},"end":{"line":43,"column":3}},"line":18},"2":{"name":"(anonymous_2)","decl":{"start":{"line":23,"column":17},"end":{"line":23,"column":18}},"loc":{"start":{"line":23,"column":27},"end":{"line":33,"column":5}},"line":23},"3":{"name":"(anonymous_3)","decl":{"start":{"line":45,"column":31},"end":{"line":45,"column":32}},"loc":{"start":{"line":45,"column":49},"end":{"line":56,"column":3}},"line":45},"4":{"name":"(anonymous_4)","decl":{"start":{"line":46,"column":12},"end":{"line":46,"column":13}},"loc":{"start":{"line":46,"column":26},"end":{"line":55,"column":5}},"line":46},"5":{"name":"(anonymous_5)","decl":{"start":{"line":58,"column":27},"end":{"line":58,"column":28}},"loc":{"start":{"line":58,"column":38},"end":{"line":60,"column":3}},"line":58},"6":{"name":"(anonymous_6)","decl":{"start":{"line":59,"column":12},"end":{"line":59,"column":13}},"loc":{"start":{"line":59,"column":26},"end":{"line":59,"column":64}},"line":59},"7":{"name":"(anonymous_7)","decl":{"start":{"line":59,"column":42},"end":{"line":59,"column":43}},"loc":{"start":{"line":59,"column":52},"end":{"line":59,"column":63}},"line":59},"8":{"name":"(anonymous_8)","decl":{"start":{"line":62,"column":27},"end":{"line":62,"column":28}},"loc":{"start":{"line":62,"column":39},"end":{"line":120,"column":3}},"line":62},"9":{"name":"(anonymous_9)","decl":{"start":{"line":74,"column":24},"end":{"line":74,"column":25}},"loc":{"start":{"line":74,"column":35},"end":{"line":80,"column":9}},"line":74},"10":{"name":"(anonymous_10)","decl":{"start":{"line":238,"column":22},"end":{"line":238,"column":23}},"loc":{"start":{"line":239,"column":14},"end":{"line":301,"column":20}},"line":239},"11":{"name":"(anonymous_11)","decl":{"start":{"line":276,"column":31},"end":{"line":276,"column":32}},"loc":{"start":{"line":276,"column":37},"end":{"line":276,"column":68}},"line":276},"12":{"name":"(anonymous_12)","decl":{"start":{"line":286,"column":31},"end":{"line":286,"column":32}},"loc":{"start":{"line":286,"column":37},"end":{"line":286,"column":67}},"line":286},"13":{"name":"(anonymous_13)","decl":{"start":{"line":294,"column":29},"end":{"line":294,"column":30}},"loc":{"start":{"line":294,"column":35},"end":{"line":294,"column":58}},"line":294}},"branchMap":{"0":{"loc":{"start":{"line":24,"column":20},"end":{"line":24,"column":68}},"type":"binary-expr","locations":[{"start":{"line":24,"column":20},"end":{"line":24,"column":41}},{"start":{"line":24,"column":45},"end":{"line":24,"column":68}}],"line":24},"1":{"loc":{"start":{"line":29,"column":6},"end":{"line":32,"column":7}},"type":"if","locations":[{"start":{"line":29,"column":6},"end":{"line":32,"column":7}},{"start":{},"end":{}}],"line":29},"2":{"loc":{"start":{"line":29,"column":10},"end":{"line":29,"column":43}},"type":"binary-expr","locations":[{"start":{"line":29,"column":10},"end":{"line":29,"column":31}},{"start":{"line":29,"column":35},"end":{"line":29,"column":43}}],"line":29},"3":{"loc":{"start":{"line":49,"column":6},"end":{"line":53,"column":7}},"type":"if","locations":[{"start":{"line":49,"column":6},"end":{"line":53,"column":7}},{"start":{"line":51,"column":13},"end":{"line":53,"column":7}}],"line":49},"4":{"loc":{"start":{"line":63,"column":4},"end":{"line":66,"column":5}},"type":"if","locations":[{"start":{"line":63,"column":4},"end":{"line":66,"column":5}},{"start":{},"end":{}}],"line":63},"5":{"loc":{"start":{"line":77,"column":17},"end":{"line":77,"column":65}},"type":"binary-expr","locations":[{"start":{"line":77,"column":17},"end":{"line":77,"column":38}},{"start":{"line":77,"column":42},"end":{"line":77,"column":65}}],"line":77},"6":{"loc":{"start":{"line":79,"column":27},"end":{"line":79,"column":75}},"type":"binary-expr","locations":[{"start":{"line":79,"column":27},"end":{"line":79,"column":48}},{"start":{"line":79,"column":52},"end":{"line":79,"column":75}}],"line":79},"7":{"loc":{"start":{"line":83,"column":19},"end":{"line":83,"column":62}},"type":"cond-expr","locations":[{"start":{"line":83,"column":40},"end":{"line":83,"column":50}},{"start":{"line":83,"column":53},"end":{"line":83,"column":62}}],"line":83},"8":{"loc":{"start":{"line":83,"column":19},"end":{"line":83,"column":37}},"type":"binary-expr","locations":[{"start":{"line":83,"column":19},"end":{"line":83,"column":23}},{"start":{"line":83,"column":27},"end":{"line":83,"column":37}}],"line":83},"9":{"loc":{"start":{"line":92,"column":6},"end":{"line":96,"column":7}},"type":"if","locations":[{"start":{"line":92,"column":6},"end":{"line":96,"column":7}},{"start":{},"end":{}}],"line":92},"10":{"loc":{"start":{"line":100,"column":6},"end":{"line":104,"column":7}},"type":"if","locations":[{"start":{"line":100,"column":6},"end":{"line":104,"column":7}},{"start":{},"end":{}}],"line":100},"11":{"loc":{"start":{"line":102,"column":14},"end":{"line":102,"column":70}},"type":"binary-expr","locations":[{"start":{"line":102,"column":14},"end":{"line":102,"column":26}},{"start":{"line":102,"column":30},"end":{"line":102,"column":70}}],"line":102},"12":{"loc":{"start":{"line":111,"column":6},"end":{"line":113,"column":7}},"type":"if","locations":[{"start":{"line":111,"column":6},"end":{"line":113,"column":7}},{"start":{},"end":{}}],"line":111},"13":{"loc":{"start":{"line":123,"column":24},"end":{"line":123,"column":49}},"type":"binary-expr","locations":[{"start":{"line":123,"column":24},"end":{"line":123,"column":39}},{"start":{"line":123,"column":43},"end":{"line":123,"column":49}}],"line":123},"14":{"loc":{"start":{"line":126,"column":2},"end":{"line":167,"column":3}},"type":"if","locations":[{"start":{"line":126,"column":2},"end":{"line":167,"column":3}},{"start":{},"end":{}}],"line":126},"15":{"loc":{"start":{"line":140,"column":11},"end":{"line":155,"column":11}},"type":"binary-expr","locations":[{"start":{"line":140,"column":11},"end":{"line":140,"column":44}},{"start":{"line":141,"column":12},"end":{"line":154,"column":18}}],"line":140},"16":{"loc":{"start":{"line":147,"column":19},"end":{"line":147,"column":63}},"type":"cond-expr","locations":[{"start":{"line":147,"column":55},"end":{"line":147,"column":58}},{"start":{"line":147,"column":61},"end":{"line":147,"column":63}}],"line":147},"17":{"loc":{"start":{"line":170,"column":2},"end":{"line":201,"column":3}},"type":"if","locations":[{"start":{"line":170,"column":2},"end":{"line":201,"column":3}},{"start":{},"end":{}}],"line":170},"18":{"loc":{"start":{"line":170,"column":6},"end":{"line":170,"column":39}},"type":"binary-expr","locations":[{"start":{"line":170,"column":6},"end":{"line":170,"column":18}},{"start":{"line":170,"column":22},"end":{"line":170,"column":39}}],"line":170},"19":{"loc":{"start":{"line":248,"column":19},"end":{"line":252,"column":19}},"type":"binary-expr","locations":[{"start":{"line":248,"column":19},"end":{"line":248,"column":40}},{"start":{"line":249,"column":20},"end":{"line":251,"column":27}}],"line":248},"20":{"loc":{"start":{"line":253,"column":19},"end":{"line":257,"column":19}},"type":"binary-expr","locations":[{"start":{"line":253,"column":19},"end":{"line":253,"column":40}},{"start":{"line":254,"column":20},"end":{"line":256,"column":24}}],"line":253},"21":{"loc":{"start":{"line":261,"column":21},"end":{"line":265,"column":21}},"type":"binary-expr","locations":[{"start":{"line":261,"column":21},"end":{"line":261,"column":44}},{"start":{"line":262,"column":22},"end":{"line":264,"column":29}}],"line":261},"22":{"loc":{"start":{"line":268,"column":24},"end":{"line":268,"column":72}},"type":"binary-expr","locations":[{"start":{"line":268,"column":24},"end":{"line":268,"column":45}},{"start":{"line":268,"column":49},"end":{"line":268,"column":72}}],"line":268},"23":{"loc":{"start":{"line":338,"column":17},"end":{"line":340,"column":47}},"type":"cond-expr","locations":[{"start":{"line":339,"column":20},"end":{"line":339,"column":38}},{"start":{"line":340,"column":20},"end":{"line":340,"column":47}}],"line":338}},"s":{"0":2,"1":5,"2":5,"3":5,"4":5,"5":6,"6":6,"7":6,"8":6,"9":5,"10":5,"11":5,"12":5,"13":5,"14":5,"15":6,"16":6,"17":5,"18":0,"19":0,"20":0,"21":0,"22":0,"23":0,"24":0,"25":5,"26":1,"27":0,"28":0,"29":5,"30":1,"31":0,"32":0,"33":1,"34":1,"35":1,"36":1,"37":1,"38":1,"39":1,"40":0,"41":0,"42":0,"43":1,"44":1,"45":0,"46":0,"47":0,"48":1,"49":1,"50":1,"51":1,"52":1,"53":0,"54":0,"55":1,"56":5,"57":5,"58":5,"59":1,"60":4,"61":1,"62":3,"63":3,"64":0,"65":0,"66":1},"f":{"0":5,"1":6,"2":5,"3":0,"4":0,"5":1,"6":0,"7":0,"8":1,"9":1,"10":3,"11":0,"12":0,"13":1},"b":{"0":[5,0],"1":[5,0],"2":[5,5],"3":[0,0],"4":[0,1],"5":[1,0],"6":[1,1],"7":[1,0],"8":[1,1],"9":[0,1],"10":[0,1],"11":[0,0],"12":[1,0],"13":[5,4],"14":[1,4],"15":[1,1],"16":[1,0],"17":[1,3],"18":[4,4],"19":[3,3],"20":[3,0],"21":[3,3],"22":[3,0],"23":[1,2]},"_coverageSchema":"1a1c01bbd47fc00a2c39e90264f33305004495a9","hash":"dfe6cb157db4adfed91b2d316019a1676ca75a21"}
,"D:\\Users\\vince\\Desktop\\CSC510\\CSC510_Group8_S1-29\\Proj2\\src\\frontend\\src\\components\\CustomerLogin.jsx": {"path":"D:\\Users\\vince\\Desktop\\CSC510\\CSC510_Group8_S1-29\\Proj2\\src\\frontend\\src\\components\\CustomerLogin.jsx","statementMap":{"0":{"start":{"line":6,"column":26},"end":{"line":6,"column":38}},"1":{"start":{"line":7,"column":28},"end":{"line":7,"column":40}},"2":{"start":{"line":8,"column":34},"end":{"line":8,"column":46}},"3":{"start":{"line":9,"column":38},"end":{"line":9,"column":53}},"4":{"start":{"line":11,"column":23},"end":{"line":40,"column":3}},"5":{"start":{"line":12,"column":4},"end":{"line":12,"column":23}},"6":{"start":{"line":15,"column":16},"end":{"line":15,"column":51}},"7":{"start":{"line":16,"column":21},"end":{"line":16,"column":81}},"8":{"start":{"line":18,"column":4},"end":{"line":39,"column":5}},"9":{"start":{"line":19,"column":18},"end":{"line":23,"column":8}},"10":{"start":{"line":24,"column":19},"end":{"line":24,"column":35}},"11":{"start":{"line":26,"column":6},"end":{"line":35,"column":7}},"12":{"start":{"line":27,"column":8},"end":{"line":32,"column":9}},"13":{"start":{"line":28,"column":10},"end":{"line":28,"column":30}},"14":{"start":{"line":29,"column":10},"end":{"line":29,"column":31}},"15":{"start":{"line":31,"column":10},"end":{"line":31,"column":29}},"16":{"start":{"line":34,"column":8},"end":{"line":34,"column":74}},"17":{"start":{"line":37,"column":6},"end":{"line":37,"column":47}},"18":{"start":{"line":38,"column":6},"end":{"line":38,"column":53}},"19":{"start":{"line":42,"column":2},"end":{"line":136,"column":4}},"20":{"start":{"line":67,"column":35},"end":{"line":67,"column":58}},"21":{"start":{"line":86,"column":33},"end":{"line":86,"column":57}},"22":{"start":{"line":104,"column":33},"end":{"line":104,"column":60}},"23":{"start":{"line":120,"column":27},"end":{"line":120,"column":53}},"24":{"start":{"line":139,"column":0},"end":{"line":142,"column":2}}},"fnMap":{"0":{"name":"CustomerLogin","decl":{"start":{"line":5,"column":9},"end":{"line":5,"column":22}},"loc":{"start":{"line":5,"column":44},"end":{"line":137,"column":1}},"line":5},"1":{"name":"(anonymous_1)","decl":{"start":{"line":11,"column":23},"end":{"line":11,"column":24}},"loc":{"start":{"line":11,"column":36},"end":{"line":40,"column":3}},"line":11},"2":{"name":"(anonymous_2)","decl":{"start":{"line":67,"column":28},"end":{"line":67,"column":29}},"loc":{"start":{"line":67,"column":35},"end":{"line":67,"column":58}},"line":67},"3":{"name":"(anonymous_3)","decl":{"start":{"line":86,"column":26},"end":{"line":86,"column":27}},"loc":{"start":{"line":86,"column":33},"end":{"line":86,"column":57}},"line":86},"4":{"name":"(anonymous_4)","decl":{"start":{"line":104,"column":26},"end":{"line":104,"column":27}},"loc":{"start":{"line":104,"column":33},"end":{"line":104,"column":60}},"line":104},"5":{"name":"(anonymous_5)","decl":{"start":{"line":120,"column":21},"end":{"line":120,"column":22}},"loc":{"start":{"line":120,"column":27},"end":{"line":120,"column":53}},"line":120}},"branchMap":{"0":{"loc":{"start":{"line":15,"column":16},"end":{"line":15,"column":51}},"type":"cond-expr","locations":[{"start":{"line":15,"column":29},"end":{"line":15,"column":40}},{"start":{"line":15,"column":43},"end":{"line":15,"column":51}}],"line":15},"1":{"loc":{"start":{"line":16,"column":21},"end":{"line":16,"column":81}},"type":"cond-expr","locations":[{"start":{"line":16,"column":34},"end":{"line":16,"column":59}},{"start":{"line":16,"column":62},"end":{"line":16,"column":81}}],"line":16},"2":{"loc":{"start":{"line":26,"column":6},"end":{"line":35,"column":7}},"type":"if","locations":[{"start":{"line":26,"column":6},"end":{"line":35,"column":7}},{"start":{"line":33,"column":13},"end":{"line":35,"column":7}}],"line":26},"3":{"loc":{"start":{"line":27,"column":8},"end":{"line":32,"column":9}},"type":"if","locations":[{"start":{"line":27,"column":8},"end":{"line":32,"column":9}},{"start":{"line":30,"column":15},"end":{"line":32,"column":9}}],"line":27},"4":{"loc":{"start":{"line":34,"column":14},"end":{"line":34,"column":72}},"type":"binary-expr","locations":[{"start":{"line":34,"column":14},"end":{"line":34,"column":26}},{"start":{"line":34,"column":30},"end":{"line":34,"column":72}}],"line":34},"5":{"loc":{"start":{"line":51,"column":13},"end":{"line":51,"column":64}},"type":"cond-expr","locations":[{"start":{"line":51,"column":26},"end":{"line":51,"column":45}},{"start":{"line":51,"column":48},"end":{"line":51,"column":64}}],"line":51},"6":{"loc":{"start":{"line":54,"column":13},"end":{"line":72,"column":13}},"type":"binary-expr","locations":[{"start":{"line":54,"column":13},"end":{"line":54,"column":23}},{"start":{"line":55,"column":14},"end":{"line":71,"column":20}}],"line":54},"7":{"loc":{"start":{"line":114,"column":15},"end":{"line":114,"column":48}},"type":"cond-expr","locations":[{"start":{"line":114,"column":28},"end":{"line":114,"column":38}},{"start":{"line":114,"column":41},"end":{"line":114,"column":48}}],"line":114},"8":{"loc":{"start":{"line":123,"column":13},"end":{"line":123,"column":71}},"type":"cond-expr","locations":[{"start":{"line":123,"column":26},"end":{"line":123,"column":43}},{"start":{"line":123,"column":46},"end":{"line":123,"column":71}}],"line":123}},"s":{"0":6,"1":6,"2":6,"3":6,"4":6,"5":1,"6":1,"7":1,"8":1,"9":1,"10":1,"11":1,"12":1,"13":0,"14":0,"15":1,"16":0,"17":0,"18":0,"19":6,"20":0,"21":1,"22":1,"23":1,"24":2},"f":{"0":6,"1":1,"2":0,"3":1,"4":1,"5":1},"b":{"0":[0,1],"1":[0,1],"2":[1,0],"3":[0,1],"4":[0,0],"5":[1,5],"6":[6,1],"7":[1,5],"8":[1,5]},"_coverageSchema":"1a1c01bbd47fc00a2c39e90264f33305004495a9","hash":"5dbce16e96729345938438549c34c00bb1cd5b44"}
,"D:\\Users\\vince\\Desktop\\CSC510\\CSC510_Group8_S1-29\\Proj2\\src\\frontend\\src\\components\\Dashboard.jsx": {"path":"D:\\Users\\vince\\Desktop\\CSC510\\CSC510_Group8_S1-29\\Proj2\\src\\frontend\\src\\components\\Dashboard.jsx","statementMap":{"0":{"start":{"line":27,"column":18},"end":{"line":883,"column":1}},"1":{"start":{"line":28,"column":40},"end":{"line":28,"column":58}},"2":{"start":{"line":29,"column":26},"end":{"line":29,"column":38}},"3":{"start":{"line":30,"column":40},"end":{"line":30,"column":52}},"4":{"start":{"line":31,"column":44},"end":{"line":31,"column":59}},"5":{"start":{"line":32,"column":46},"end":{"line":32,"column":61}},"6":{"start":{"line":33,"column":36},"end":{"line":33,"column":55}},"7":{"start":{"line":34,"column":44},"end":{"line":34,"column":59}},"8":{"start":{"line":38,"column":4},"end":{"line":38,"column":18}},"9":{"start":{"line":41,"column":52},"end":{"line":41,"column":67}},"10":{"start":{"line":44,"column":40},"end":{"line":44,"column":52}},"11":{"start":{"line":45,"column":38},"end":{"line":52,"column":4}},"12":{"start":{"line":53,"column":46},"end":{"line":57,"column":4}},"13":{"start":{"line":58,"column":32},"end":{"line":58,"column":46}},"14":{"start":{"line":60,"column":38},"end":{"line":60,"column":50}},"15":{"start":{"line":61,"column":40},"end":{"line":61,"column":54}},"16":{"start":{"line":64,"column":41},"end":{"line":73,"column":3}},"17":{"start":{"line":65,"column":4},"end":{"line":72,"column":6}},"18":{"start":{"line":76,"column":2},"end":{"line":100,"column":9}},"19":{"start":{"line":77,"column":4},"end":{"line":94,"column":9}},"20":{"start":{"line":78,"column":21},"end":{"line":78,"column":31}},"21":{"start":{"line":80,"column":8},"end":{"line":87,"column":9}},"22":{"start":{"line":81,"column":10},"end":{"line":81,"column":31}},"23":{"start":{"line":83,"column":10},"end":{"line":85,"column":12}},"24":{"start":{"line":86,"column":10},"end":{"line":86,"column":44}},"25":{"start":{"line":88,"column":8},"end":{"line":88,"column":26}},"26":{"start":{"line":91,"column":8},"end":{"line":91,"column":58}},"27":{"start":{"line":92,"column":8},"end":{"line":92,"column":42}},"28":{"start":{"line":93,"column":8},"end":{"line":93,"column":26}},"29":{"start":{"line":96,"column":4},"end":{"line":99,"column":77}},"30":{"start":{"line":97,"column":21},"end":{"line":97,"column":31}},"31":{"start":{"line":98,"column":22},"end":{"line":98,"column":45}},"32":{"start":{"line":99,"column":22},"end":{"line":99,"column":75}},"33":{"start":{"line":103,"column":2},"end":{"line":160,"column":13}},"34":{"start":{"line":104,"column":4},"end":{"line":116,"column":5}},"35":{"start":{"line":105,"column":6},"end":{"line":112,"column":9}},"36":{"start":{"line":113,"column":6},"end":{"line":113,"column":24}},"37":{"start":{"line":114,"column":6},"end":{"line":114,"column":27}},"38":{"start":{"line":115,"column":6},"end":{"line":115,"column":13}},"39":{"start":{"line":118,"column":23},"end":{"line":118,"column":53}},"40":{"start":{"line":121,"column":4},"end":{"line":131,"column":9}},"41":{"start":{"line":122,"column":21},"end":{"line":122,"column":31}},"42":{"start":{"line":124,"column":8},"end":{"line":127,"column":12}},"43":{"start":{"line":124,"column":33},"end":{"line":127,"column":9}},"44":{"start":{"line":130,"column":8},"end":{"line":130,"column":58}},"45":{"start":{"line":134,"column":4},"end":{"line":159,"column":9}},"46":{"start":{"line":135,"column":21},"end":{"line":135,"column":31}},"47":{"start":{"line":137,"column":8},"end":{"line":154,"column":9}},"48":{"start":{"line":138,"column":27},"end":{"line":148,"column":14}},"49":{"start":{"line":141,"column":16},"end":{"line":142,"column":46}},"50":{"start":{"line":145,"column":25},"end":{"line":145,"column":61}},"51":{"start":{"line":146,"column":25},"end":{"line":146,"column":61}},"52":{"start":{"line":147,"column":14},"end":{"line":147,"column":29}},"53":{"start":{"line":149,"column":10},"end":{"line":149,"column":34}},"54":{"start":{"line":150,"column":10},"end":{"line":150,"column":31}},"55":{"start":{"line":152,"column":10},"end":{"line":152,"column":28}},"56":{"start":{"line":153,"column":10},"end":{"line":153,"column":51}},"57":{"start":{"line":157,"column":8},"end":{"line":157,"column":53}},"58":{"start":{"line":158,"column":8},"end":{"line":158,"column":64}},"59":{"start":{"line":163,"column":23},"end":{"line":166,"column":3}},"60":{"start":{"line":165,"column":38},"end":{"line":165,"column":47}},"61":{"start":{"line":168,"column":30},"end":{"line":177,"column":4}},"62":{"start":{"line":170,"column":6},"end":{"line":171,"column":73}},"63":{"start":{"line":174,"column":6},"end":{"line":174,"column":60}},"64":{"start":{"line":176,"column":4},"end":{"line":176,"column":43}},"65":{"start":{"line":179,"column":20},"end":{"line":187,"column":3}},"66":{"start":{"line":180,"column":4},"end":{"line":180,"column":85}},"67":{"start":{"line":180,"column":22},"end":{"line":180,"column":83}},"68":{"start":{"line":183,"column":4},"end":{"line":183,"column":27}},"69":{"start":{"line":184,"column":4},"end":{"line":186,"column":13}},"70":{"start":{"line":185,"column":6},"end":{"line":185,"column":30}},"71":{"start":{"line":192,"column":28},"end":{"line":240,"column":3}},"72":{"start":{"line":193,"column":4},"end":{"line":200,"column":5}},"73":{"start":{"line":199,"column":6},"end":{"line":199,"column":13}},"74":{"start":{"line":203,"column":33},"end":{"line":203,"column":42}},"75":{"start":{"line":205,"column":4},"end":{"line":216,"column":7}},"76":{"start":{"line":206,"column":6},"end":{"line":208,"column":7}},"77":{"start":{"line":207,"column":8},"end":{"line":207,"column":15}},"78":{"start":{"line":209,"column":29},"end":{"line":209,"column":49}},"79":{"start":{"line":211,"column":8},"end":{"line":213,"column":13}},"80":{"start":{"line":214,"column":19},"end":{"line":214,"column":64}},"81":{"start":{"line":215,"column":6},"end":{"line":215,"column":64}},"82":{"start":{"line":218,"column":24},"end":{"line":218,"column":26}},"83":{"start":{"line":220,"column":4},"end":{"line":232,"column":7}},"84":{"start":{"line":221,"column":25},"end":{"line":221,"column":75}},"85":{"start":{"line":221,"column":49},"end":{"line":221,"column":74}},"86":{"start":{"line":222,"column":6},"end":{"line":224,"column":7}},"87":{"start":{"line":223,"column":8},"end":{"line":223,"column":15}},"88":{"start":{"line":226,"column":19},"end":{"line":226,"column":61}},"89":{"start":{"line":227,"column":6},"end":{"line":231,"column":9}},"90":{"start":{"line":234,"column":4},"end":{"line":236,"column":5}},"91":{"start":{"line":235,"column":6},"end":{"line":235,"column":13}},"92":{"start":{"line":238,"column":4},"end":{"line":238,"column":25}},"93":{"start":{"line":239,"column":4},"end":{"line":239,"column":27}},"94":{"start":{"line":242,"column":25},"end":{"line":252,"column":3}},"95":{"start":{"line":243,"column":25},"end":{"line":243,"column":43}},"96":{"start":{"line":245,"column":4},"end":{"line":249,"column":5}},"97":{"start":{"line":246,"column":6},"end":{"line":246,"column":40}},"98":{"start":{"line":248,"column":6},"end":{"line":248,"column":37}},"99":{"start":{"line":251,"column":4},"end":{"line":251,"column":31}},"100":{"start":{"line":254,"column":25},"end":{"line":260,"column":3}},"101":{"start":{"line":255,"column":4},"end":{"line":255,"column":25}},"102":{"start":{"line":256,"column":4},"end":{"line":256,"column":29}},"103":{"start":{"line":257,"column":4},"end":{"line":259,"column":5}},"104":{"start":{"line":258,"column":6},"end":{"line":258,"column":40}},"105":{"start":{"line":262,"column":37},"end":{"line":265,"column":3}},"106":{"start":{"line":263,"column":4},"end":{"line":263,"column":44}},"107":{"start":{"line":264,"column":4},"end":{"line":264,"column":39}},"108":{"start":{"line":267,"column":30},"end":{"line":270,"column":3}},"109":{"start":{"line":268,"column":4},"end":{"line":268,"column":32}},"110":{"start":{"line":269,"column":4},"end":{"line":269,"column":15}},"111":{"start":{"line":272,"column":2},"end":{"line":285,"column":3}},"112":{"start":{"line":273,"column":4},"end":{"line":284,"column":6}},"113":{"start":{"line":287,"column":2},"end":{"line":882,"column":4}},"114":{"start":{"line":306,"column":29},"end":{"line":306,"column":53}},"115":{"start":{"line":316,"column":29},"end":{"line":316,"column":53}},"116":{"start":{"line":326,"column":29},"end":{"line":326,"column":56}},"117":{"start":{"line":336,"column":29},"end":{"line":336,"column":58}},"118":{"start":{"line":346,"column":29},"end":{"line":346,"column":51}},"119":{"start":{"line":357,"column":29},"end":{"line":357,"column":55}},"120":{"start":{"line":366,"column":27},"end":{"line":366,"column":61}},"121":{"start":{"line":376,"column":31},"end":{"line":376,"column":55}},"122":{"start":{"line":382,"column":31},"end":{"line":382,"column":55}},"123":{"start":{"line":388,"column":31},"end":{"line":388,"column":58}},"124":{"start":{"line":394,"column":31},"end":{"line":394,"column":60}},"125":{"start":{"line":400,"column":31},"end":{"line":400,"column":53}},"126":{"start":{"line":413,"column":18},"end":{"line":413,"column":43}},"127":{"start":{"line":414,"column":18},"end":{"line":414,"column":45}},"128":{"start":{"line":442,"column":39},"end":{"line":442,"column":69}},"129":{"start":{"line":448,"column":37},"end":{"line":448,"column":60}},"130":{"start":{"line":458,"column":37},"end":{"line":458,"column":48}},"131":{"start":{"line":460,"column":24},"end":{"line":470,"column":33}},"132":{"start":{"line":462,"column":41},"end":{"line":462,"column":66}},"133":{"start":{"line":477,"column":24},"end":{"line":477,"column":74}},"134":{"start":{"line":479,"column":24},"end":{"line":480,"column":51}},"135":{"start":{"line":481,"column":42},"end":{"line":483,"column":27}},"136":{"start":{"line":485,"column":22},"end":{"line":563,"column":24}},"137":{"start":{"line":504,"column":47},"end":{"line":504,"column":75}},"138":{"start":{"line":554,"column":34},"end":{"line":554,"column":72}},"139":{"start":{"line":662,"column":30},"end":{"line":662,"column":54}},"140":{"start":{"line":730,"column":20},"end":{"line":774,"column":26}},"141":{"start":{"line":767,"column":41},"end":{"line":767,"column":65}},"142":{"start":{"line":832,"column":26},"end":{"line":832,"column":50}},"143":{"start":{"line":835,"column":14},"end":{"line":835,"column":51}},"144":{"start":{"line":865,"column":31},"end":{"line":865,"column":58}}},"fnMap":{"0":{"name":"(anonymous_0)","decl":{"start":{"line":27,"column":18},"end":{"line":27,"column":19}},"loc":{"start":{"line":27,"column":42},"end":{"line":883,"column":1}},"line":27},"1":{"name":"(anonymous_1)","decl":{"start":{"line":64,"column":41},"end":{"line":64,"column":42}},"loc":{"start":{"line":64,"column":57},"end":{"line":73,"column":3}},"line":64},"2":{"name":"(anonymous_2)","decl":{"start":{"line":76,"column":12},"end":{"line":76,"column":13}},"loc":{"start":{"line":76,"column":18},"end":{"line":100,"column":3}},"line":76},"3":{"name":"(anonymous_3)","decl":{"start":{"line":78,"column":12},"end":{"line":78,"column":13}},"loc":{"start":{"line":78,"column":21},"end":{"line":78,"column":31}},"line":78},"4":{"name":"(anonymous_4)","decl":{"start":{"line":79,"column":12},"end":{"line":79,"column":13}},"loc":{"start":{"line":79,"column":22},"end":{"line":89,"column":7}},"line":79},"5":{"name":"(anonymous_5)","decl":{"start":{"line":90,"column":13},"end":{"line":90,"column":14}},"loc":{"start":{"line":90,"column":22},"end":{"line":94,"column":7}},"line":90},"6":{"name":"(anonymous_6)","decl":{"start":{"line":97,"column":12},"end":{"line":97,"column":13}},"loc":{"start":{"line":97,"column":21},"end":{"line":97,"column":31}},"line":97},"7":{"name":"(anonymous_7)","decl":{"start":{"line":98,"column":12},"end":{"line":98,"column":13}},"loc":{"start":{"line":98,"column":22},"end":{"line":98,"column":45}},"line":98},"8":{"name":"(anonymous_8)","decl":{"start":{"line":99,"column":13},"end":{"line":99,"column":14}},"loc":{"start":{"line":99,"column":22},"end":{"line":99,"column":75}},"line":99},"9":{"name":"(anonymous_9)","decl":{"start":{"line":103,"column":12},"end":{"line":103,"column":13}},"loc":{"start":{"line":103,"column":18},"end":{"line":160,"column":3}},"line":103},"10":{"name":"(anonymous_10)","decl":{"start":{"line":122,"column":12},"end":{"line":122,"column":13}},"loc":{"start":{"line":122,"column":21},"end":{"line":122,"column":31}},"line":122},"11":{"name":"(anonymous_11)","decl":{"start":{"line":123,"column":12},"end":{"line":123,"column":13}},"loc":{"start":{"line":123,"column":22},"end":{"line":128,"column":7}},"line":123},"12":{"name":"(anonymous_12)","decl":{"start":{"line":124,"column":22},"end":{"line":124,"column":23}},"loc":{"start":{"line":124,"column":33},"end":{"line":127,"column":9}},"line":124},"13":{"name":"(anonymous_13)","decl":{"start":{"line":129,"column":13},"end":{"line":129,"column":14}},"loc":{"start":{"line":129,"column":22},"end":{"line":131,"column":7}},"line":129},"14":{"name":"(anonymous_14)","decl":{"start":{"line":135,"column":12},"end":{"line":135,"column":13}},"loc":{"start":{"line":135,"column":21},"end":{"line":135,"column":31}},"line":135},"15":{"name":"(anonymous_15)","decl":{"start":{"line":136,"column":12},"end":{"line":136,"column":13}},"loc":{"start":{"line":136,"column":22},"end":{"line":155,"column":7}},"line":136},"16":{"name":"(anonymous_16)","decl":{"start":{"line":140,"column":14},"end":{"line":140,"column":15}},"loc":{"start":{"line":141,"column":16},"end":{"line":142,"column":46}},"line":141},"17":{"name":"(anonymous_17)","decl":{"start":{"line":144,"column":18},"end":{"line":144,"column":19}},"loc":{"start":{"line":144,"column":28},"end":{"line":148,"column":13}},"line":144},"18":{"name":"(anonymous_18)","decl":{"start":{"line":156,"column":13},"end":{"line":156,"column":14}},"loc":{"start":{"line":156,"column":22},"end":{"line":159,"column":7}},"line":156},"19":{"name":"(anonymous_19)","decl":{"start":{"line":165,"column":31},"end":{"line":165,"column":32}},"loc":{"start":{"line":165,"column":38},"end":{"line":165,"column":47}},"line":165},"20":{"name":"(anonymous_20)","decl":{"start":{"line":168,"column":49},"end":{"line":168,"column":50}},"loc":{"start":{"line":168,"column":56},"end":{"line":177,"column":3}},"line":168},"21":{"name":"(anonymous_21)","decl":{"start":{"line":179,"column":20},"end":{"line":179,"column":21}},"loc":{"start":{"line":179,"column":42},"end":{"line":187,"column":3}},"line":179},"22":{"name":"(anonymous_22)","decl":{"start":{"line":180,"column":12},"end":{"line":180,"column":13}},"loc":{"start":{"line":180,"column":22},"end":{"line":180,"column":83}},"line":180},"23":{"name":"(anonymous_23)","decl":{"start":{"line":184,"column":15},"end":{"line":184,"column":16}},"loc":{"start":{"line":184,"column":21},"end":{"line":186,"column":5}},"line":184},"24":{"name":"(anonymous_24)","decl":{"start":{"line":192,"column":28},"end":{"line":192,"column":29}},"loc":{"start":{"line":192,"column":39},"end":{"line":240,"column":3}},"line":192},"25":{"name":"(anonymous_25)","decl":{"start":{"line":205,"column":24},"end":{"line":205,"column":25}},"loc":{"start":{"line":205,"column":39},"end":{"line":216,"column":5}},"line":205},"26":{"name":"(anonymous_26)","decl":{"start":{"line":220,"column":33},"end":{"line":220,"column":34}},"loc":{"start":{"line":220,"column":58},"end":{"line":232,"column":5}},"line":220},"27":{"name":"(anonymous_27)","decl":{"start":{"line":221,"column":42},"end":{"line":221,"column":43}},"loc":{"start":{"line":221,"column":49},"end":{"line":221,"column":74}},"line":221},"28":{"name":"(anonymous_28)","decl":{"start":{"line":242,"column":25},"end":{"line":242,"column":26}},"loc":{"start":{"line":242,"column":43},"end":{"line":252,"column":3}},"line":242},"29":{"name":"(anonymous_29)","decl":{"start":{"line":254,"column":25},"end":{"line":254,"column":26}},"loc":{"start":{"line":254,"column":35},"end":{"line":260,"column":3}},"line":254},"30":{"name":"(anonymous_30)","decl":{"start":{"line":262,"column":37},"end":{"line":262,"column":38}},"loc":{"start":{"line":262,"column":53},"end":{"line":265,"column":3}},"line":262},"31":{"name":"(anonymous_31)","decl":{"start":{"line":267,"column":30},"end":{"line":267,"column":31}},"loc":{"start":{"line":267,"column":36},"end":{"line":270,"column":3}},"line":267},"32":{"name":"(anonymous_32)","decl":{"start":{"line":306,"column":23},"end":{"line":306,"column":24}},"loc":{"start":{"line":306,"column":29},"end":{"line":306,"column":53}},"line":306},"33":{"name":"(anonymous_33)","decl":{"start":{"line":316,"column":23},"end":{"line":316,"column":24}},"loc":{"start":{"line":316,"column":29},"end":{"line":316,"column":53}},"line":316},"34":{"name":"(anonymous_34)","decl":{"start":{"line":326,"column":23},"end":{"line":326,"column":24}},"loc":{"start":{"line":326,"column":29},"end":{"line":326,"column":56}},"line":326},"35":{"name":"(anonymous_35)","decl":{"start":{"line":336,"column":23},"end":{"line":336,"column":24}},"loc":{"start":{"line":336,"column":29},"end":{"line":336,"column":58}},"line":336},"36":{"name":"(anonymous_36)","decl":{"start":{"line":346,"column":23},"end":{"line":346,"column":24}},"loc":{"start":{"line":346,"column":29},"end":{"line":346,"column":51}},"line":346},"37":{"name":"(anonymous_37)","decl":{"start":{"line":357,"column":23},"end":{"line":357,"column":24}},"loc":{"start":{"line":357,"column":29},"end":{"line":357,"column":55}},"line":357},"38":{"name":"(anonymous_38)","decl":{"start":{"line":366,"column":21},"end":{"line":366,"column":22}},"loc":{"start":{"line":366,"column":27},"end":{"line":366,"column":61}},"line":366},"39":{"name":"(anonymous_39)","decl":{"start":{"line":376,"column":25},"end":{"line":376,"column":26}},"loc":{"start":{"line":376,"column":31},"end":{"line":376,"column":55}},"line":376},"40":{"name":"(anonymous_40)","decl":{"start":{"line":382,"column":25},"end":{"line":382,"column":26}},"loc":{"start":{"line":382,"column":31},"end":{"line":382,"column":55}},"line":382},"41":{"name":"(anonymous_41)","decl":{"start":{"line":388,"column":25},"end":{"line":388,"column":26}},"loc":{"start":{"line":388,"column":31},"end":{"line":388,"column":58}},"line":388},"42":{"name":"(anonymous_42)","decl":{"start":{"line":394,"column":25},"end":{"line":394,"column":26}},"loc":{"start":{"line":394,"column":31},"end":{"line":394,"column":60}},"line":394},"43":{"name":"(anonymous_43)","decl":{"start":{"line":400,"column":25},"end":{"line":400,"column":26}},"loc":{"start":{"line":400,"column":31},"end":{"line":400,"column":53}},"line":400},"44":{"name":"(anonymous_44)","decl":{"start":{"line":412,"column":25},"end":{"line":412,"column":26}},"loc":{"start":{"line":412,"column":31},"end":{"line":415,"column":17}},"line":412},"45":{"name":"(anonymous_45)","decl":{"start":{"line":442,"column":32},"end":{"line":442,"column":33}},"loc":{"start":{"line":442,"column":39},"end":{"line":442,"column":69}},"line":442},"46":{"name":"(anonymous_46)","decl":{"start":{"line":448,"column":31},"end":{"line":448,"column":32}},"loc":{"start":{"line":448,"column":37},"end":{"line":448,"column":60}},"line":448},"47":{"name":"(anonymous_47)","decl":{"start":{"line":458,"column":30},"end":{"line":458,"column":31}},"loc":{"start":{"line":458,"column":37},"end":{"line":458,"column":48}},"line":458},"48":{"name":"(anonymous_48)","decl":{"start":{"line":459,"column":27},"end":{"line":459,"column":28}},"loc":{"start":{"line":460,"column":24},"end":{"line":470,"column":33}},"line":460},"49":{"name":"(anonymous_49)","decl":{"start":{"line":462,"column":35},"end":{"line":462,"column":36}},"loc":{"start":{"line":462,"column":41},"end":{"line":462,"column":66}},"line":462},"50":{"name":"(anonymous_50)","decl":{"start":{"line":475,"column":45},"end":{"line":475,"column":46}},"loc":{"start":{"line":475,"column":61},"end":{"line":564,"column":21}},"line":475},"51":{"name":"(anonymous_51)","decl":{"start":{"line":504,"column":41},"end":{"line":504,"column":42}},"loc":{"start":{"line":504,"column":47},"end":{"line":504,"column":75}},"line":504},"52":{"name":"(anonymous_52)","decl":{"start":{"line":553,"column":41},"end":{"line":553,"column":42}},"loc":{"start":{"line":554,"column":34},"end":{"line":554,"column":72}},"line":554},"53":{"name":"(anonymous_53)","decl":{"start":{"line":662,"column":24},"end":{"line":662,"column":25}},"loc":{"start":{"line":662,"column":30},"end":{"line":662,"column":54}},"line":662},"54":{"name":"(anonymous_54)","decl":{"start":{"line":729,"column":46},"end":{"line":729,"column":47}},"loc":{"start":{"line":730,"column":20},"end":{"line":774,"column":26}},"line":730},"55":{"name":"(anonymous_55)","decl":{"start":{"line":767,"column":35},"end":{"line":767,"column":36}},"loc":{"start":{"line":767,"column":41},"end":{"line":767,"column":65}},"line":767},"56":{"name":"(anonymous_56)","decl":{"start":{"line":832,"column":20},"end":{"line":832,"column":21}},"loc":{"start":{"line":832,"column":26},"end":{"line":832,"column":50}},"line":832},"57":{"name":"(anonymous_57)","decl":{"start":{"line":833,"column":27},"end":{"line":833,"column":28}},"loc":{"start":{"line":833,"column":39},"end":{"line":836,"column":13}},"line":833},"58":{"name":"(anonymous_58)","decl":{"start":{"line":865,"column":25},"end":{"line":865,"column":26}},"loc":{"start":{"line":865,"column":31},"end":{"line":865,"column":58}},"line":865}},"branchMap":{"0":{"loc":{"start":{"line":66,"column":13},"end":{"line":66,"column":63}},"type":"binary-expr","locations":[{"start":{"line":66,"column":13},"end":{"line":66,"column":26}},{"start":{"line":66,"column":30},"end":{"line":66,"column":44}},{"start":{"line":66,"column":48},"end":{"line":66,"column":63}}],"line":66},"1":{"loc":{"start":{"line":80,"column":8},"end":{"line":87,"column":9}},"type":"if","locations":[{"start":{"line":80,"column":8},"end":{"line":87,"column":9}},{"start":{"line":82,"column":15},"end":{"line":87,"column":9}}],"line":80},"2":{"loc":{"start":{"line":80,"column":12},"end":{"line":80,"column":50}},"type":"binary-expr","locations":[{"start":{"line":80,"column":12},"end":{"line":80,"column":31}},{"start":{"line":80,"column":35},"end":{"line":80,"column":50}}],"line":80},"3":{"loc":{"start":{"line":104,"column":4},"end":{"line":116,"column":5}},"type":"if","locations":[{"start":{"line":104,"column":4},"end":{"line":116,"column":5}},{"start":{},"end":{}}],"line":104},"4":{"loc":{"start":{"line":104,"column":8},"end":{"line":104,"column":28}},"type":"binary-expr","locations":[{"start":{"line":104,"column":8},"end":{"line":104,"column":13}},{"start":{"line":104,"column":17},"end":{"line":104,"column":28}}],"line":104},"5":{"loc":{"start":{"line":137,"column":8},"end":{"line":154,"column":9}},"type":"if","locations":[{"start":{"line":137,"column":8},"end":{"line":154,"column":9}},{"start":{"line":151,"column":15},"end":{"line":154,"column":9}}],"line":137},"6":{"loc":{"start":{"line":137,"column":12},"end":{"line":137,"column":62}},"type":"binary-expr","locations":[{"start":{"line":137,"column":12},"end":{"line":137,"column":16}},{"start":{"line":137,"column":20},"end":{"line":137,"column":32}},{"start":{"line":137,"column":36},"end":{"line":137,"column":62}}],"line":137},"7":{"loc":{"start":{"line":141,"column":16},"end":{"line":142,"column":46}},"type":"binary-expr","locations":[{"start":{"line":141,"column":16},"end":{"line":141,"column":51}},{"start":{"line":142,"column":16},"end":{"line":142,"column":46}}],"line":141},"8":{"loc":{"start":{"line":145,"column":34},"end":{"line":145,"column":50}},"type":"binary-expr","locations":[{"start":{"line":145,"column":34},"end":{"line":145,"column":45}},{"start":{"line":145,"column":49},"end":{"line":145,"column":50}}],"line":145},"9":{"loc":{"start":{"line":146,"column":34},"end":{"line":146,"column":50}},"type":"binary-expr","locations":[{"start":{"line":146,"column":34},"end":{"line":146,"column":45}},{"start":{"line":146,"column":49},"end":{"line":146,"column":50}}],"line":146},"10":{"loc":{"start":{"line":170,"column":6},"end":{"line":171,"column":73}},"type":"binary-expr","locations":[{"start":{"line":170,"column":6},"end":{"line":170,"column":62}},{"start":{"line":171,"column":6},"end":{"line":171,"column":73}}],"line":170},"11":{"loc":{"start":{"line":171,"column":7},"end":{"line":171,"column":22}},"type":"binary-expr","locations":[{"start":{"line":171,"column":7},"end":{"line":171,"column":16}},{"start":{"line":171,"column":20},"end":{"line":171,"column":22}}],"line":171},"12":{"loc":{"start":{"line":174,"column":6},"end":{"line":174,"column":60}},"type":"binary-expr","locations":[{"start":{"line":174,"column":6},"end":{"line":174,"column":29}},{"start":{"line":174,"column":33},"end":{"line":174,"column":60}}],"line":174},"13":{"loc":{"start":{"line":176,"column":11},"end":{"line":176,"column":42}},"type":"binary-expr","locations":[{"start":{"line":176,"column":11},"end":{"line":176,"column":24}},{"start":{"line":176,"column":28},"end":{"line":176,"column":42}}],"line":176},"14":{"loc":{"start":{"line":193,"column":4},"end":{"line":200,"column":5}},"type":"if","locations":[{"start":{"line":193,"column":4},"end":{"line":200,"column":5}},{"start":{},"end":{}}],"line":193},"15":{"loc":{"start":{"line":194,"column":6},"end":{"line":197,"column":30}},"type":"binary-expr","locations":[{"start":{"line":194,"column":6},"end":{"line":194,"column":12}},{"start":{"line":195,"column":6},"end":{"line":195,"column":18}},{"start":{"line":196,"column":6},"end":{"line":196,"column":33}},{"start":{"line":197,"column":6},"end":{"line":197,"column":30}}],"line":194},"16":{"loc":{"start":{"line":206,"column":6},"end":{"line":208,"column":7}},"type":"if","locations":[{"start":{"line":206,"column":6},"end":{"line":208,"column":7}},{"start":{},"end":{}}],"line":206},"17":{"loc":{"start":{"line":206,"column":10},"end":{"line":206,"column":45}},"type":"binary-expr","locations":[{"start":{"line":206,"column":10},"end":{"line":206,"column":20}},{"start":{"line":206,"column":24},"end":{"line":206,"column":45}}],"line":206},"18":{"loc":{"start":{"line":211,"column":8},"end":{"line":213,"column":13}},"type":"cond-expr","locations":[{"start":{"line":212,"column":12},"end":{"line":212,"column":30}},{"start":{"line":213,"column":12},"end":{"line":213,"column":13}}],"line":211},"19":{"loc":{"start":{"line":211,"column":8},"end":{"line":211,"column":52}},"type":"binary-expr","locations":[{"start":{"line":211,"column":8},"end":{"line":211,"column":26}},{"start":{"line":211,"column":30},"end":{"line":211,"column":52}}],"line":211},"20":{"loc":{"start":{"line":214,"column":19},"end":{"line":214,"column":64}},"type":"binary-expr","locations":[{"start":{"line":214,"column":19},"end":{"line":214,"column":59}},{"start":{"line":214,"column":63},"end":{"line":214,"column":64}}],"line":214},"21":{"loc":{"start":{"line":222,"column":6},"end":{"line":224,"column":7}},"type":"if","locations":[{"start":{"line":222,"column":6},"end":{"line":224,"column":7}},{"start":{},"end":{}}],"line":222},"22":{"loc":{"start":{"line":234,"column":4},"end":{"line":236,"column":5}},"type":"if","locations":[{"start":{"line":234,"column":4},"end":{"line":236,"column":5}},{"start":{},"end":{}}],"line":234},"23":{"loc":{"start":{"line":245,"column":4},"end":{"line":249,"column":5}},"type":"if","locations":[{"start":{"line":245,"column":4},"end":{"line":249,"column":5}},{"start":{"line":247,"column":11},"end":{"line":249,"column":5}}],"line":245},"24":{"loc":{"start":{"line":257,"column":4},"end":{"line":259,"column":5}},"type":"if","locations":[{"start":{"line":257,"column":4},"end":{"line":259,"column":5}},{"start":{},"end":{}}],"line":257},"25":{"loc":{"start":{"line":272,"column":2},"end":{"line":285,"column":3}},"type":"if","locations":[{"start":{"line":272,"column":2},"end":{"line":285,"column":3}},{"start":{},"end":{}}],"line":272},"26":{"loc":{"start":{"line":308,"column":16},"end":{"line":310,"column":55}},"type":"cond-expr","locations":[{"start":{"line":309,"column":20},"end":{"line":309,"column":36}},{"start":{"line":310,"column":20},"end":{"line":310,"column":55}}],"line":308},"27":{"loc":{"start":{"line":308,"column":16},"end":{"line":308,"column":78}},"type":"binary-expr","locations":[{"start":{"line":308,"column":16},"end":{"line":308,"column":40}},{"start":{"line":308,"column":44},"end":{"line":308,"column":78}}],"line":308},"28":{"loc":{"start":{"line":318,"column":16},"end":{"line":320,"column":55}},"type":"cond-expr","locations":[{"start":{"line":319,"column":20},"end":{"line":319,"column":36}},{"start":{"line":320,"column":20},"end":{"line":320,"column":55}}],"line":318},"29":{"loc":{"start":{"line":328,"column":16},"end":{"line":330,"column":55}},"type":"cond-expr","locations":[{"start":{"line":329,"column":20},"end":{"line":329,"column":36}},{"start":{"line":330,"column":20},"end":{"line":330,"column":55}}],"line":328},"30":{"loc":{"start":{"line":338,"column":16},"end":{"line":340,"column":55}},"type":"cond-expr","locations":[{"start":{"line":339,"column":20},"end":{"line":339,"column":36}},{"start":{"line":340,"column":20},"end":{"line":340,"column":55}}],"line":338},"31":{"loc":{"start":{"line":350,"column":15},"end":{"line":354,"column":15}},"type":"binary-expr","locations":[{"start":{"line":350,"column":15},"end":{"line":350,"column":30}},{"start":{"line":351,"column":16},"end":{"line":353,"column":23}}],"line":350},"32":{"loc":{"start":{"line":368,"column":13},"end":{"line":368,"column":86}},"type":"cond-expr","locations":[{"start":{"line":368,"column":30},"end":{"line":368,"column":55}},{"start":{"line":368,"column":58},"end":{"line":368,"column":86}}],"line":368},"33":{"loc":{"start":{"line":372,"column":9},"end":{"line":422,"column":9}},"type":"binary-expr","locations":[{"start":{"line":372,"column":9},"end":{"line":372,"column":23}},{"start":{"line":373,"column":10},"end":{"line":421,"column":16}}],"line":372},"34":{"loc":{"start":{"line":405,"column":17},"end":{"line":409,"column":17}},"type":"binary-expr","locations":[{"start":{"line":405,"column":17},"end":{"line":405,"column":32}},{"start":{"line":406,"column":18},"end":{"line":408,"column":25}}],"line":405},"35":{"loc":{"start":{"line":427,"column":9},"end":{"line":667,"column":9}},"type":"binary-expr","locations":[{"start":{"line":427,"column":10},"end":{"line":427,"column":34}},{"start":{"line":427,"column":38},"end":{"line":427,"column":72}},{"start":{"line":428,"column":10},"end":{"line":666,"column":13}}],"line":427},"36":{"loc":{"start":{"line":429,"column":13},"end":{"line":657,"column":13}},"type":"binary-expr","locations":[{"start":{"line":429,"column":13},"end":{"line":429,"column":37}},{"start":{"line":430,"column":14},"end":{"line":656,"column":20}}],"line":429},"37":{"loc":{"start":{"line":450,"column":24},"end":{"line":452,"column":68}},"type":"cond-expr","locations":[{"start":{"line":451,"column":28},"end":{"line":451,"column":70}},{"start":{"line":452,"column":28},"end":{"line":452,"column":68}}],"line":450},"38":{"loc":{"start":{"line":464,"column":28},"end":{"line":466,"column":72}},"type":"cond-expr","locations":[{"start":{"line":465,"column":32},"end":{"line":465,"column":74}},{"start":{"line":466,"column":32},"end":{"line":466,"column":72}}],"line":464},"39":{"loc":{"start":{"line":477,"column":24},"end":{"line":477,"column":74}},"type":"binary-expr","locations":[{"start":{"line":477,"column":24},"end":{"line":477,"column":37}},{"start":{"line":477,"column":41},"end":{"line":477,"column":55}},{"start":{"line":477,"column":59},"end":{"line":477,"column":74}}],"line":477},"40":{"loc":{"start":{"line":479,"column":24},"end":{"line":480,"column":51}},"type":"binary-expr","locations":[{"start":{"line":479,"column":24},"end":{"line":479,"column":55}},{"start":{"line":480,"column":24},"end":{"line":480,"column":51}}],"line":479},"41":{"loc":{"start":{"line":481,"column":42},"end":{"line":483,"column":27}},"type":"cond-expr","locations":[{"start":{"line":482,"column":26},"end":{"line":482,"column":49}},{"start":{"line":483,"column":26},"end":{"line":483,"column":27}}],"line":481},"42":{"loc":{"start":{"line":497,"column":35},"end":{"line":497,"column":77}},"type":"binary-expr","locations":[{"start":{"line":497,"column":35},"end":{"line":497,"column":53}},{"start":{"line":497,"column":57},"end":{"line":497,"column":77}}],"line":497},"43":{"loc":{"start":{"line":498,"column":35},"end":{"line":500,"column":62}},"type":"cond-expr","locations":[{"start":{"line":499,"column":38},"end":{"line":499,"column":70}},{"start":{"line":500,"column":38},"end":{"line":500,"column":62}}],"line":498},"44":{"loc":{"start":{"line":509,"column":36},"end":{"line":511,"column":42}},"type":"cond-expr","locations":[{"start":{"line":510,"column":40},"end":{"line":510,"column":67}},{"start":{"line":511,"column":40},"end":{"line":511,"column":42}}],"line":509},"45":{"loc":{"start":{"line":520,"column":33},"end":{"line":520,"column":57}},"type":"binary-expr","locations":[{"start":{"line":520,"column":33},"end":{"line":520,"column":50}},{"start":{"line":520,"column":54},"end":{"line":520,"column":57}}],"line":520},"46":{"loc":{"start":{"line":524,"column":33},"end":{"line":524,"column":78}},"type":"binary-expr","locations":[{"start":{"line":524,"column":33},"end":{"line":524,"column":51}},{"start":{"line":524,"column":55},"end":{"line":524,"column":78}}],"line":524},"47":{"loc":{"start":{"line":528,"column":33},"end":{"line":528,"column":71}},"type":"binary-expr","locations":[{"start":{"line":528,"column":33},"end":{"line":528,"column":49}},{"start":{"line":528,"column":53},"end":{"line":528,"column":71}}],"line":528},"48":{"loc":{"start":{"line":534,"column":31},"end":{"line":546,"column":31}},"type":"cond-expr","locations":[{"start":{"line":535,"column":32},"end":{"line":540,"column":39}},{"start":{"line":542,"column":32},"end":{"line":545,"column":39}}],"line":534},"49":{"loc":{"start":{"line":537,"column":35},"end":{"line":539,"column":62}},"type":"cond-expr","locations":[{"start":{"line":538,"column":38},"end":{"line":538,"column":61}},{"start":{"line":539,"column":38},"end":{"line":539,"column":62}}],"line":537},"50":{"loc":{"start":{"line":588,"column":28},"end":{"line":588,"column":59}},"type":"binary-expr","locations":[{"start":{"line":588,"column":28},"end":{"line":588,"column":54}},{"start":{"line":588,"column":58},"end":{"line":588,"column":59}}],"line":588},"51":{"loc":{"start":{"line":601,"column":28},"end":{"line":601,"column":60}},"type":"binary-expr","locations":[{"start":{"line":601,"column":28},"end":{"line":601,"column":55}},{"start":{"line":601,"column":59},"end":{"line":601,"column":60}}],"line":601},"52":{"loc":{"start":{"line":613,"column":27},"end":{"line":613,"column":65}},"type":"binary-expr","locations":[{"start":{"line":613,"column":27},"end":{"line":613,"column":60}},{"start":{"line":613,"column":64},"end":{"line":613,"column":65}}],"line":613},"53":{"loc":{"start":{"line":630,"column":27},"end":{"line":630,"column":55}},"type":"binary-expr","locations":[{"start":{"line":630,"column":27},"end":{"line":630,"column":50}},{"start":{"line":630,"column":54},"end":{"line":630,"column":55}}],"line":630},"54":{"loc":{"start":{"line":636,"column":28},"end":{"line":636,"column":54}},"type":"binary-expr","locations":[{"start":{"line":636,"column":28},"end":{"line":636,"column":49}},{"start":{"line":636,"column":53},"end":{"line":636,"column":54}}],"line":636},"55":{"loc":{"start":{"line":644,"column":27},"end":{"line":644,"column":61}},"type":"binary-expr","locations":[{"start":{"line":644,"column":27},"end":{"line":644,"column":56}},{"start":{"line":644,"column":60},"end":{"line":644,"column":61}}],"line":644},"56":{"loc":{"start":{"line":650,"column":27},"end":{"line":650,"column":56}},"type":"binary-expr","locations":[{"start":{"line":650,"column":27},"end":{"line":650,"column":51}},{"start":{"line":650,"column":55},"end":{"line":650,"column":56}}],"line":650},"57":{"loc":{"start":{"line":659,"column":13},"end":{"line":665,"column":13}},"type":"binary-expr","locations":[{"start":{"line":659,"column":13},"end":{"line":659,"column":47}},{"start":{"line":659,"column":51},"end":{"line":659,"column":75}},{"start":{"line":660,"column":14},"end":{"line":664,"column":16}}],"line":659},"58":{"loc":{"start":{"line":669,"column":9},"end":{"line":780,"column":9}},"type":"binary-expr","locations":[{"start":{"line":669,"column":9},"end":{"line":669,"column":33}},{"start":{"line":670,"column":10},"end":{"line":779,"column":16}}],"line":669},"59":{"loc":{"start":{"line":683,"column":19},"end":{"line":683,"column":47}},"type":"binary-expr","locations":[{"start":{"line":683,"column":19},"end":{"line":683,"column":42}},{"start":{"line":683,"column":46},"end":{"line":683,"column":47}}],"line":683},"60":{"loc":{"start":{"line":691,"column":19},"end":{"line":691,"column":53}},"type":"binary-expr","locations":[{"start":{"line":691,"column":19},"end":{"line":691,"column":48}},{"start":{"line":691,"column":52},"end":{"line":691,"column":53}}],"line":691},"61":{"loc":{"start":{"line":699,"column":19},"end":{"line":699,"column":48}},"type":"binary-expr","locations":[{"start":{"line":699,"column":19},"end":{"line":699,"column":43}},{"start":{"line":699,"column":47},"end":{"line":699,"column":48}}],"line":699},"62":{"loc":{"start":{"line":707,"column":20},"end":{"line":707,"column":46}},"type":"binary-expr","locations":[{"start":{"line":707,"column":20},"end":{"line":707,"column":41}},{"start":{"line":707,"column":45},"end":{"line":707,"column":46}}],"line":707},"63":{"loc":{"start":{"line":718,"column":15},"end":{"line":777,"column":15}},"type":"cond-expr","locations":[{"start":{"line":719,"column":16},"end":{"line":721,"column":20}},{"start":{"line":722,"column":18},"end":{"line":777,"column":15}}],"line":718},"64":{"loc":{"start":{"line":718,"column":15},"end":{"line":718,"column":35}},"type":"binary-expr","locations":[{"start":{"line":718,"column":15},"end":{"line":718,"column":20}},{"start":{"line":718,"column":24},"end":{"line":718,"column":35}}],"line":718},"65":{"loc":{"start":{"line":722,"column":18},"end":{"line":777,"column":15}},"type":"cond-expr","locations":[{"start":{"line":723,"column":16},"end":{"line":726,"column":20}},{"start":{"line":728,"column":16},"end":{"line":776,"column":22}}],"line":722},"66":{"loc":{"start":{"line":736,"column":27},"end":{"line":740,"column":51}},"type":"cond-expr","locations":[{"start":{"line":739,"column":30},"end":{"line":739,"column":55}},{"start":{"line":740,"column":30},"end":{"line":740,"column":51}}],"line":736},"67":{"loc":{"start":{"line":736,"column":27},"end":{"line":738,"column":51}},"type":"binary-expr","locations":[{"start":{"line":736,"column":27},"end":{"line":736,"column":38}},{"start":{"line":737,"column":26},"end":{"line":737,"column":40}},{"start":{"line":738,"column":26},"end":{"line":738,"column":51}}],"line":736},"68":{"loc":{"start":{"line":743,"column":27},"end":{"line":745,"column":50}},"type":"cond-expr","locations":[{"start":{"line":744,"column":30},"end":{"line":744,"column":72}},{"start":{"line":745,"column":30},"end":{"line":745,"column":50}}],"line":743},"69":{"loc":{"start":{"line":748,"column":27},"end":{"line":750,"column":34}},"type":"cond-expr","locations":[{"start":{"line":749,"column":30},"end":{"line":749,"column":61}},{"start":{"line":750,"column":30},"end":{"line":750,"column":34}}],"line":748},"70":{"loc":{"start":{"line":748,"column":27},"end":{"line":748,"column":61}},"type":"binary-expr","locations":[{"start":{"line":748,"column":27},"end":{"line":748,"column":39}},{"start":{"line":748,"column":43},"end":{"line":748,"column":61}}],"line":748},"71":{"loc":{"start":{"line":752,"column":25},"end":{"line":757,"column":32}},"type":"cond-expr","locations":[{"start":{"line":753,"column":26},"end":{"line":756,"column":30}},{"start":{"line":757,"column":28},"end":{"line":757,"column":32}}],"line":752},"72":{"loc":{"start":{"line":752,"column":25},"end":{"line":752,"column":69}},"type":"binary-expr","locations":[{"start":{"line":752,"column":25},"end":{"line":752,"column":37}},{"start":{"line":752,"column":41},"end":{"line":752,"column":69}}],"line":752},"73":{"loc":{"start":{"line":755,"column":29},"end":{"line":755,"column":72}},"type":"cond-expr","locations":[{"start":{"line":755,"column":64},"end":{"line":755,"column":67}},{"start":{"line":755,"column":70},"end":{"line":755,"column":72}}],"line":755},"74":{"loc":{"start":{"line":760,"column":25},"end":{"line":764,"column":25}},"type":"binary-expr","locations":[{"start":{"line":760,"column":25},"end":{"line":760,"column":36}},{"start":{"line":761,"column":26},"end":{"line":763,"column":33}}],"line":760},"75":{"loc":{"start":{"line":782,"column":9},"end":{"line":789,"column":9}},"type":"binary-expr","locations":[{"start":{"line":782,"column":9},"end":{"line":782,"column":38}},{"start":{"line":783,"column":10},"end":{"line":788,"column":16}}],"line":782},"76":{"loc":{"start":{"line":791,"column":9},"end":{"line":826,"column":9}},"type":"binary-expr","locations":[{"start":{"line":791,"column":9},"end":{"line":791,"column":36}},{"start":{"line":792,"column":10},"end":{"line":825,"column":16}}],"line":791},"77":{"loc":{"start":{"line":805,"column":26},"end":{"line":805,"column":57}},"type":"binary-expr","locations":[{"start":{"line":805,"column":26},"end":{"line":805,"column":52}},{"start":{"line":805,"column":56},"end":{"line":805,"column":57}}],"line":805},"78":{"loc":{"start":{"line":813,"column":26},"end":{"line":813,"column":58}},"type":"binary-expr","locations":[{"start":{"line":813,"column":26},"end":{"line":813,"column":53}},{"start":{"line":813,"column":57},"end":{"line":813,"column":58}}],"line":813},"79":{"loc":{"start":{"line":821,"column":19},"end":{"line":821,"column":57}},"type":"binary-expr","locations":[{"start":{"line":821,"column":19},"end":{"line":821,"column":52}},{"start":{"line":821,"column":56},"end":{"line":821,"column":57}}],"line":821},"80":{"loc":{"start":{"line":828,"column":9},"end":{"line":839,"column":9}},"type":"binary-expr","locations":[{"start":{"line":828,"column":9},"end":{"line":828,"column":31}},{"start":{"line":829,"column":10},"end":{"line":838,"column":12}}],"line":828},"81":{"loc":{"start":{"line":841,"column":9},"end":{"line":848,"column":9}},"type":"binary-expr","locations":[{"start":{"line":841,"column":9},"end":{"line":841,"column":22}},{"start":{"line":842,"column":10},"end":{"line":847,"column":16}}],"line":841},"82":{"loc":{"start":{"line":852,"column":7},"end":{"line":880,"column":7}},"type":"binary-expr","locations":[{"start":{"line":852,"column":7},"end":{"line":852,"column":24}},{"start":{"line":853,"column":8},"end":{"line":879,"column":14}}],"line":852}},"s":{"0":2,"1":10,"2":10,"3":10,"4":10,"5":10,"6":10,"7":10,"8":10,"9":10,"10":10,"11":10,"12":10,"13":10,"14":10,"15":10,"16":10,"17":0,"18":10,"19":3,"20":3,"21":3,"22":3,"23":0,"24":0,"25":3,"26":0,"27":0,"28":0,"29":3,"30":3,"31":3,"32":0,"33":10,"34":3,"35":0,"36":0,"37":0,"38":0,"39":3,"40":3,"41":3,"42":3,"43":3,"44":0,"45":3,"46":3,"47":3,"48":3,"49":0,"50":0,"51":0,"52":0,"53":3,"54":3,"55":0,"56":0,"57":0,"58":0,"59":10,"60":7,"61":10,"62":7,"63":7,"64":7,"65":10,"66":0,"67":0,"68":0,"69":0,"70":0,"71":10,"72":0,"73":0,"74":0,"75":0,"76":0,"77":0,"78":0,"79":0,"80":0,"81":0,"82":0,"83":0,"84":0,"85":0,"86":0,"87":0,"88":0,"89":0,"90":0,"91":0,"92":0,"93":0,"94":10,"95":0,"96":0,"97":0,"98":0,"99":0,"100":10,"101":2,"102":2,"103":2,"104":0,"105":10,"106":0,"107":0,"108":10,"109":0,"110":0,"111":10,"112":3,"113":7,"114":0,"115":1,"116":1,"117":0,"118":0,"119":0,"120":1,"121":0,"122":0,"123":0,"124":0,"125":1,"126":0,"127":0,"128":0,"129":0,"130":8,"131":4,"132":0,"133":4,"134":4,"135":4,"136":4,"137":0,"138":0,"139":0,"140":0,"141":0,"142":0,"143":0,"144":0},"f":{"0":10,"1":0,"2":3,"3":3,"4":3,"5":0,"6":3,"7":3,"8":0,"9":3,"10":3,"11":3,"12":3,"13":0,"14":3,"15":3,"16":0,"17":0,"18":0,"19":7,"20":7,"21":0,"22":0,"23":0,"24":0,"25":0,"26":0,"27":0,"28":0,"29":2,"30":0,"31":0,"32":0,"33":1,"34":1,"35":0,"36":0,"37":0,"38":1,"39":0,"40":0,"41":0,"42":0,"43":1,"44":0,"45":0,"46":0,"47":8,"48":4,"49":0,"50":4,"51":0,"52":0,"53":0,"54":0,"55":0,"56":0,"57":0,"58":0},"b":{"0":[0,0,0],"1":[3,0],"2":[3,3],"3":[0,3],"4":[3,3],"5":[3,0],"6":[3,3,3],"7":[0,0],"8":[0,0],"9":[0,0],"10":[7,0],"11":[0,0],"12":[7,0],"13":[7,7],"14":[0,0],"15":[0,0,0,0],"16":[0,0],"17":[0,0],"18":[0,0],"19":[0,0],"20":[0,0],"21":[0,0],"22":[0,0],"23":[0,0],"24":[0,2],"25":[3,7],"26":[4,3],"27":[7,3],"28":[1,6],"29":[1,6],"30":[0,7],"31":[7,0],"32":[2,5],"33":[7,2],"34":[2,0],"35":[7,3,4],"36":[4,4],"37":[4,0],"38":[0,4],"39":[4,0,0],"40":[4,4],"41":[4,0],"42":[4,0],"43":[4,0],"44":[0,4],"45":[4,0],"46":[4,4],"47":[4,4],"48":[4,0],"49":[4,0],"50":[4,0],"51":[4,0],"52":[4,0],"53":[4,0],"54":[4,0],"55":[4,0],"56":[4,0],"57":[4,0,0],"58":[7,1],"59":[1,0],"60":[1,0],"61":[1,0],"62":[1,0],"63":[0,1],"64":[1,1],"65":[1,0],"66":[0,0],"67":[0,0,0],"68":[0,0],"69":[0,0],"70":[0,0],"71":[0,0],"72":[0,0],"73":[0,0],"74":[0,0],"75":[7,0],"76":[7,1],"77":[1,0],"78":[1,0],"79":[1,0],"80":[7,1],"81":[7,0],"82":[7,0]},"_coverageSchema":"1a1c01bbd47fc00a2c39e90264f33305004495a9","hash":"69813e7b3e89b033d1ff05ad9f819bbcd6009ab1"}
,"D:\\Users\\vince\\Desktop\\CSC510\\CSC510_Group8_S1-29\\Proj2\\src\\frontend\\src\\components\\Footer.jsx": {"path":"D:\\Users\\vince\\Desktop\\CSC510\\CSC510_Group8_S1-29\\Proj2\\src\\frontend\\src\\components\\Footer.jsx","statementMap":{"0":{"start":{"line":3,"column":15},"end":{"line":107,"column":1}},"1":{"start":{"line":4,"column":2},"end":{"line":106,"column":4}}},"fnMap":{"0":{"name":"(anonymous_0)","decl":{"start":{"line":3,"column":15},"end":{"line":3,"column":16}},"loc":{"start":{"line":3,"column":21},"end":{"line":107,"column":1}},"line":3}},"branchMap":{},"s":{"0":1,"1":1},"f":{"0":1},"b":{},"_coverageSchema":"1a1c01bbd47fc00a2c39e90264f33305004495a9","hash":"757cafc94bfee018f8346993231152badb744595"}
,"D:\\Users\\vince\\Desktop\\CSC510\\CSC510_Group8_S1-29\\Proj2\\src\\frontend\\src\\components\\Home.jsx": {"path":"D:\\Users\\vince\\Desktop\\CSC510\\CSC510_Group8_S1-29\\Proj2\\src\\frontend\\src\\components\\Home.jsx","statementMap":{"0":{"start":{"line":5,"column":40},"end":{"line":5,"column":52}},"1":{"start":{"line":6,"column":30},"end":{"line":10,"column":4}},"2":{"start":{"line":12,"column":2},"end":{"line":24,"column":9}},"3":{"start":{"line":14,"column":4},"end":{"line":17,"column":73}},"4":{"start":{"line":15,"column":21},"end":{"line":15,"column":31}},"5":{"start":{"line":16,"column":22},"end":{"line":16,"column":42}},"6":{"start":{"line":17,"column":22},"end":{"line":17,"column":71}},"7":{"start":{"line":20,"column":4},"end":{"line":23,"column":74}},"8":{"start":{"line":21,"column":21},"end":{"line":21,"column":31}},"9":{"start":{"line":22,"column":22},"end":{"line":22,"column":37}},"10":{"start":{"line":23,"column":22},"end":{"line":23,"column":72}},"11":{"start":{"line":26,"column":22},"end":{"line":31,"column":3}},"12":{"start":{"line":27,"column":4},"end":{"line":27,"column":48}},"13":{"start":{"line":27,"column":35},"end":{"line":27,"column":48}},"14":{"start":{"line":28,"column":4},"end":{"line":28,"column":72}},"15":{"start":{"line":28,"column":28},"end":{"line":28,"column":72}},"16":{"start":{"line":29,"column":4},"end":{"line":29,"column":64}},"17":{"start":{"line":29,"column":24},"end":{"line":29,"column":64}},"18":{"start":{"line":30,"column":4},"end":{"line":30,"column":28}},"19":{"start":{"line":33,"column":2},"end":{"line":136,"column":4}},"20":{"start":{"line":48,"column":29},"end":{"line":48,"column":57}},"21":{"start":{"line":104,"column":29},"end":{"line":104,"column":49}},"22":{"start":{"line":117,"column":16},"end":{"line":129,"column":22}},"23":{"start":{"line":139,"column":15},"end":{"line":144,"column":1}},"24":{"start":{"line":140,"column":2},"end":{"line":143,"column":8}}},"fnMap":{"0":{"name":"Home","decl":{"start":{"line":4,"column":24},"end":{"line":4,"column":28}},"loc":{"start":{"line":4,"column":45},"end":{"line":137,"column":1}},"line":4},"1":{"name":"(anonymous_1)","decl":{"start":{"line":12,"column":12},"end":{"line":12,"column":13}},"loc":{"start":{"line":12,"column":18},"end":{"line":24,"column":3}},"line":12},"2":{"name":"(anonymous_2)","decl":{"start":{"line":15,"column":12},"end":{"line":15,"column":13}},"loc":{"start":{"line":15,"column":21},"end":{"line":15,"column":31}},"line":15},"3":{"name":"(anonymous_3)","decl":{"start":{"line":16,"column":12},"end":{"line":16,"column":13}},"loc":{"start":{"line":16,"column":22},"end":{"line":16,"column":42}},"line":16},"4":{"name":"(anonymous_4)","decl":{"start":{"line":17,"column":13},"end":{"line":17,"column":14}},"loc":{"start":{"line":17,"column":22},"end":{"line":17,"column":71}},"line":17},"5":{"name":"(anonymous_5)","decl":{"start":{"line":21,"column":12},"end":{"line":21,"column":13}},"loc":{"start":{"line":21,"column":21},"end":{"line":21,"column":31}},"line":21},"6":{"name":"(anonymous_6)","decl":{"start":{"line":22,"column":12},"end":{"line":22,"column":13}},"loc":{"start":{"line":22,"column":22},"end":{"line":22,"column":37}},"line":22},"7":{"name":"(anonymous_7)","decl":{"start":{"line":23,"column":13},"end":{"line":23,"column":14}},"loc":{"start":{"line":23,"column":22},"end":{"line":23,"column":72}},"line":23},"8":{"name":"(anonymous_8)","decl":{"start":{"line":26,"column":22},"end":{"line":26,"column":23}},"loc":{"start":{"line":26,"column":33},"end":{"line":31,"column":3}},"line":26},"9":{"name":"(anonymous_9)","decl":{"start":{"line":48,"column":23},"end":{"line":48,"column":24}},"loc":{"start":{"line":48,"column":29},"end":{"line":48,"column":57}},"line":48},"10":{"name":"(anonymous_10)","decl":{"start":{"line":104,"column":23},"end":{"line":104,"column":24}},"loc":{"start":{"line":104,"column":29},"end":{"line":104,"column":49}},"line":104},"11":{"name":"(anonymous_11)","decl":{"start":{"line":116,"column":43},"end":{"line":116,"column":44}},"loc":{"start":{"line":117,"column":16},"end":{"line":129,"column":22}},"line":117},"12":{"name":"(anonymous_12)","decl":{"start":{"line":139,"column":15},"end":{"line":139,"column":16}},"loc":{"start":{"line":140,"column":2},"end":{"line":143,"column":8}},"line":140}},"branchMap":{"0":{"loc":{"start":{"line":27,"column":4},"end":{"line":27,"column":48}},"type":"if","locations":[{"start":{"line":27,"column":4},"end":{"line":27,"column":48}},{"start":{},"end":{}}],"line":27},"1":{"loc":{"start":{"line":28,"column":4},"end":{"line":28,"column":72}},"type":"if","locations":[{"start":{"line":28,"column":4},"end":{"line":28,"column":72}},{"start":{},"end":{}}],"line":28},"2":{"loc":{"start":{"line":29,"column":4},"end":{"line":29,"column":64}},"type":"if","locations":[{"start":{"line":29,"column":4},"end":{"line":29,"column":64}},{"start":{},"end":{}}],"line":29},"3":{"loc":{"start":{"line":79,"column":27},"end":{"line":79,"column":59}},"type":"binary-expr","locations":[{"start":{"line":79,"column":27},"end":{"line":79,"column":48}},{"start":{"line":79,"column":52},"end":{"line":79,"column":59}}],"line":79},"4":{"loc":{"start":{"line":112,"column":11},"end":{"line":132,"column":11}},"type":"cond-expr","locations":[{"start":{"line":113,"column":12},"end":{"line":113,"column":67}},{"start":{"line":115,"column":12},"end":{"line":131,"column":18}}],"line":112},"5":{"loc":{"start":{"line":127,"column":21},"end":{"line":127,"column":54}},"type":"binary-expr","locations":[{"start":{"line":127,"column":21},"end":{"line":127,"column":35}},{"start":{"line":127,"column":39},"end":{"line":127,"column":54}}],"line":127}},"s":{"0":5,"1":5,"2":5,"3":3,"4":3,"5":3,"6":0,"7":3,"8":3,"9":3,"10":0,"11":5,"12":10,"13":0,"14":10,"15":0,"16":10,"17":2,"18":8,"19":5,"20":0,"21":0,"22":4,"23":2,"24":15},"f":{"0":5,"1":3,"2":3,"3":3,"4":0,"5":3,"6":3,"7":0,"8":10,"9":0,"10":0,"11":4,"12":15},"b":{"0":[0,10],"1":[0,10],"2":[2,8],"3":[5,3],"4":[3,2],"5":[4,0]},"_coverageSchema":"1a1c01bbd47fc00a2c39e90264f33305004495a9","hash":"279af3ce5162a5ab023429e71766c78b57f1f884"}
,"D:\\Users\\vince\\Desktop\\CSC510\\CSC510_Group8_S1-29\\Proj2\\src\\frontend\\src\\components\\ImpactCard.jsx": {"path":"D:\\Users\\vince\\Desktop\\CSC510\\CSC510_Group8_S1-29\\Proj2\\src\\frontend\\src\\components\\ImpactCard.jsx","statementMap":{"0":{"start":{"line":4,"column":2},"end":{"line":9,"column":4}}},"fnMap":{"0":{"name":"ImpactCard","decl":{"start":{"line":3,"column":9},"end":{"line":3,"column":19}},"loc":{"start":{"line":3,"column":38},"end":{"line":10,"column":1}},"line":3}},"branchMap":{},"s":{"0":1},"f":{"0":1},"b":{},"_coverageSchema":"1a1c01bbd47fc00a2c39e90264f33305004495a9","hash":"7deb0d08432625bbcf180c33577fd6ffc01cc1f2"}
,"D:\\Users\\vince\\Desktop\\CSC510\\CSC510_Group8_S1-29\\Proj2\\src\\frontend\\src\\components\\LeaderboardPanel.jsx": {"path":"D:\\Users\\vince\\Desktop\\CSC510\\CSC510_Group8_S1-29\\Proj2\\src\\frontend\\src\\components\\LeaderboardPanel.jsx","statementMap":{"0":{"start":{"line":12,"column":26},"end":{"line":12,"column":38}},"1":{"start":{"line":13,"column":28},"end":{"line":13,"column":42}},"2":{"start":{"line":14,"column":32},"end":{"line":14,"column":46}},"3":{"start":{"line":16,"column":0},"end":{"line":63,"column":7}},"4":{"start":{"line":17,"column":2},"end":{"line":62,"column":7}},"5":{"start":{"line":18,"column":4},"end":{"line":18,"column":21}},"6":{"start":{"line":18,"column":22},"end":{"line":18,"column":37}},"7":{"start":{"line":19,"column":4},"end":{"line":61,"column":5}},"8":{"start":{"line":20,"column":18},"end":{"line":20,"column":55}},"9":{"start":{"line":21,"column":19},"end":{"line":21,"column":35}},"10":{"start":{"line":23,"column":16},"end":{"line":23,"column":18}},"11":{"start":{"line":26,"column":6},"end":{"line":53,"column":7}},"12":{"start":{"line":27,"column":8},"end":{"line":38,"column":9}},"13":{"start":{"line":28,"column":10},"end":{"line":31,"column":14}},"14":{"start":{"line":28,"column":38},"end":{"line":31,"column":11}},"15":{"start":{"line":34,"column":10},"end":{"line":37,"column":14}},"16":{"start":{"line":34,"column":66},"end":{"line":37,"column":11}},"17":{"start":{"line":41,"column":11},"end":{"line":53,"column":7}},"18":{"start":{"line":42,"column":8},"end":{"line":45,"column":12}},"19":{"start":{"line":42,"column":29},"end":{"line":45,"column":9}},"20":{"start":{"line":48,"column":11},"end":{"line":53,"column":7}},"21":{"start":{"line":49,"column":8},"end":{"line":52,"column":12}},"22":{"start":{"line":49,"column":57},"end":{"line":52,"column":9}},"23":{"start":{"line":55,"column":6},"end":{"line":55,"column":80}},"24":{"start":{"line":55,"column":25},"end":{"line":55,"column":78}},"25":{"start":{"line":56,"column":6},"end":{"line":56,"column":19}},"26":{"start":{"line":58,"column":6},"end":{"line":58,"column":45}},"27":{"start":{"line":60,"column":6},"end":{"line":60,"column":24}},"28":{"start":{"line":66,"column":2},"end":{"line":68,"column":3}},"29":{"start":{"line":67,"column":4},"end":{"line":67,"column":69}},"30":{"start":{"line":69,"column":2},"end":{"line":71,"column":3}},"31":{"start":{"line":70,"column":4},"end":{"line":70,"column":55}},"32":{"start":{"line":73,"column":2},"end":{"line":75,"column":3}},"33":{"start":{"line":74,"column":4},"end":{"line":74,"column":61}},"34":{"start":{"line":77,"column":2},"end":{"line":98,"column":4}},"35":{"start":{"line":89,"column":12},"end":{"line":93,"column":17}}},"fnMap":{"0":{"name":"LeaderboardPanel","decl":{"start":{"line":11,"column":24},"end":{"line":11,"column":40}},"loc":{"start":{"line":11,"column":43},"end":{"line":99,"column":1}},"line":11},"1":{"name":"(anonymous_1)","decl":{"start":{"line":16,"column":10},"end":{"line":16,"column":11}},"loc":{"start":{"line":16,"column":16},"end":{"line":63,"column":1}},"line":16},"2":{"name":"(anonymous_2)","decl":{"start":{"line":17,"column":3},"end":{"line":17,"column":4}},"loc":{"start":{"line":17,"column":15},"end":{"line":62,"column":3}},"line":17},"3":{"name":"(anonymous_3)","decl":{"start":{"line":28,"column":32},"end":{"line":28,"column":33}},"loc":{"start":{"line":28,"column":38},"end":{"line":31,"column":11}},"line":28},"4":{"name":"(anonymous_4)","decl":{"start":{"line":34,"column":48},"end":{"line":34,"column":49}},"loc":{"start":{"line":34,"column":66},"end":{"line":37,"column":11}},"line":34},"5":{"name":"(anonymous_5)","decl":{"start":{"line":42,"column":23},"end":{"line":42,"column":24}},"loc":{"start":{"line":42,"column":29},"end":{"line":45,"column":9}},"line":42},"6":{"name":"(anonymous_6)","decl":{"start":{"line":49,"column":39},"end":{"line":49,"column":40}},"loc":{"start":{"line":49,"column":57},"end":{"line":52,"column":9}},"line":49},"7":{"name":"(anonymous_7)","decl":{"start":{"line":55,"column":15},"end":{"line":55,"column":16}},"loc":{"start":{"line":55,"column":25},"end":{"line":55,"column":78}},"line":55},"8":{"name":"(anonymous_8)","decl":{"start":{"line":88,"column":20},"end":{"line":88,"column":21}},"loc":{"start":{"line":89,"column":12},"end":{"line":93,"column":17}},"line":89}},"branchMap":{"0":{"loc":{"start":{"line":26,"column":6},"end":{"line":53,"column":7}},"type":"if","locations":[{"start":{"line":26,"column":6},"end":{"line":53,"column":7}},{"start":{"line":41,"column":11},"end":{"line":53,"column":7}}],"line":26},"1":{"loc":{"start":{"line":26,"column":10},"end":{"line":26,"column":57}},"type":"binary-expr","locations":[{"start":{"line":26,"column":10},"end":{"line":26,"column":14}},{"start":{"line":26,"column":18},"end":{"line":26,"column":42}},{"start":{"line":26,"column":46},"end":{"line":26,"column":57}}],"line":26},"2":{"loc":{"start":{"line":27,"column":8},"end":{"line":38,"column":9}},"type":"if","locations":[{"start":{"line":27,"column":8},"end":{"line":38,"column":9}},{"start":{"line":32,"column":15},"end":{"line":38,"column":9}}],"line":27},"3":{"loc":{"start":{"line":29,"column":18},"end":{"line":29,"column":62}},"type":"binary-expr","locations":[{"start":{"line":29,"column":18},"end":{"line":29,"column":24}},{"start":{"line":29,"column":28},"end":{"line":29,"column":40}},{"start":{"line":29,"column":44},"end":{"line":29,"column":62}}],"line":29},"4":{"loc":{"start":{"line":29,"column":51},"end":{"line":29,"column":61}},"type":"binary-expr","locations":[{"start":{"line":29,"column":51},"end":{"line":29,"column":55}},{"start":{"line":29,"column":59},"end":{"line":29,"column":61}}],"line":29},"5":{"loc":{"start":{"line":30,"column":27},"end":{"line":30,"column":51}},"type":"binary-expr","locations":[{"start":{"line":30,"column":27},"end":{"line":30,"column":35}},{"start":{"line":30,"column":39},"end":{"line":30,"column":46}},{"start":{"line":30,"column":50},"end":{"line":30,"column":51}}],"line":30},"6":{"loc":{"start":{"line":36,"column":27},"end":{"line":36,"column":35}},"type":"binary-expr","locations":[{"start":{"line":36,"column":27},"end":{"line":36,"column":30}},{"start":{"line":36,"column":34},"end":{"line":36,"column":35}}],"line":36},"7":{"loc":{"start":{"line":41,"column":11},"end":{"line":53,"column":7}},"type":"if","locations":[{"start":{"line":41,"column":11},"end":{"line":53,"column":7}},{"start":{"line":48,"column":11},"end":{"line":53,"column":7}}],"line":41},"8":{"loc":{"start":{"line":43,"column":16},"end":{"line":43,"column":60}},"type":"binary-expr","locations":[{"start":{"line":43,"column":16},"end":{"line":43,"column":22}},{"start":{"line":43,"column":26},"end":{"line":43,"column":38}},{"start":{"line":43,"column":42},"end":{"line":43,"column":60}}],"line":43},"9":{"loc":{"start":{"line":43,"column":49},"end":{"line":43,"column":59}},"type":"binary-expr","locations":[{"start":{"line":43,"column":49},"end":{"line":43,"column":53}},{"start":{"line":43,"column":57},"end":{"line":43,"column":59}}],"line":43},"10":{"loc":{"start":{"line":44,"column":25},"end":{"line":44,"column":49}},"type":"binary-expr","locations":[{"start":{"line":44,"column":25},"end":{"line":44,"column":33}},{"start":{"line":44,"column":37},"end":{"line":44,"column":44}},{"start":{"line":44,"column":48},"end":{"line":44,"column":49}}],"line":44},"11":{"loc":{"start":{"line":48,"column":11},"end":{"line":53,"column":7}},"type":"if","locations":[{"start":{"line":48,"column":11},"end":{"line":53,"column":7}},{"start":{},"end":{}}],"line":48},"12":{"loc":{"start":{"line":48,"column":15},"end":{"line":48,"column":47}},"type":"binary-expr","locations":[{"start":{"line":48,"column":15},"end":{"line":48,"column":19}},{"start":{"line":48,"column":23},"end":{"line":48,"column":47}}],"line":48},"13":{"loc":{"start":{"line":51,"column":25},"end":{"line":51,"column":33}},"type":"binary-expr","locations":[{"start":{"line":51,"column":25},"end":{"line":51,"column":28}},{"start":{"line":51,"column":32},"end":{"line":51,"column":33}}],"line":51},"14":{"loc":{"start":{"line":55,"column":25},"end":{"line":55,"column":78}},"type":"binary-expr","locations":[{"start":{"line":55,"column":26},"end":{"line":55,"column":45}},{"start":{"line":55,"column":50},"end":{"line":55,"column":78}}],"line":55},"15":{"loc":{"start":{"line":66,"column":2},"end":{"line":68,"column":3}},"type":"if","locations":[{"start":{"line":66,"column":2},"end":{"line":68,"column":3}},{"start":{},"end":{}}],"line":66},"16":{"loc":{"start":{"line":69,"column":2},"end":{"line":71,"column":3}},"type":"if","locations":[{"start":{"line":69,"column":2},"end":{"line":71,"column":3}},{"start":{},"end":{}}],"line":69},"17":{"loc":{"start":{"line":73,"column":2},"end":{"line":75,"column":3}},"type":"if","locations":[{"start":{"line":73,"column":2},"end":{"line":75,"column":3}},{"start":{},"end":{}}],"line":73},"18":{"loc":{"start":{"line":89,"column":40},"end":{"line":89,"column":69}},"type":"cond-expr","locations":[{"start":{"line":89,"column":50},"end":{"line":89,"column":64}},{"start":{"line":89,"column":67},"end":{"line":89,"column":69}}],"line":89}},"s":{"0":4,"1":4,"2":4,"3":4,"4":2,"5":2,"6":2,"7":2,"8":2,"9":1,"10":1,"11":1,"12":0,"13":0,"14":0,"15":0,"16":0,"17":1,"18":1,"19":2,"20":0,"21":0,"22":0,"23":1,"24":1,"25":1,"26":1,"27":2,"28":4,"29":2,"30":2,"31":1,"32":1,"33":0,"34":1,"35":2},"f":{"0":4,"1":2,"2":2,"3":0,"4":0,"5":2,"6":0,"7":1,"8":2},"b":{"0":[0,1],"1":[1,1,1],"2":[0,0],"3":[0,0,0],"4":[0,0],"5":[0,0,0],"6":[0,0],"7":[1,0],"8":[2,0,0],"9":[0,0],"10":[2,0,0],"11":[0,0],"12":[0,0],"13":[0,0],"14":[1,0],"15":[2,2],"16":[1,1],"17":[0,1],"18":[2,0]},"_coverageSchema":"1a1c01bbd47fc00a2c39e90264f33305004495a9","hash":"9aa357bceca0d34233f94f4294f1e8794d61b21d"}
,"D:\\Users\\vince\\Desktop\\CSC510\\CSC510_Group8_S1-29\\Proj2\\src\\frontend\\src\\components\\LoginChoice.jsx": {"path":"D:\\Users\\vince\\Desktop\\CSC510\\CSC510_Group8_S1-29\\Proj2\\src\\frontend\\src\\components\\LoginChoice.jsx","statementMap":{"0":{"start":{"line":5,"column":2},"end":{"line":88,"column":4}},"1":{"start":{"line":19,"column":27},"end":{"line":19,"column":52}},"2":{"start":{"line":80,"column":27},"end":{"line":80,"column":48}}},"fnMap":{"0":{"name":"LoginChoice","decl":{"start":{"line":4,"column":24},"end":{"line":4,"column":35}},"loc":{"start":{"line":4,"column":55},"end":{"line":89,"column":1}},"line":4},"1":{"name":"(anonymous_1)","decl":{"start":{"line":19,"column":21},"end":{"line":19,"column":22}},"loc":{"start":{"line":19,"column":27},"end":{"line":19,"column":52}},"line":19},"2":{"name":"(anonymous_2)","decl":{"start":{"line":80,"column":21},"end":{"line":80,"column":22}},"loc":{"start":{"line":80,"column":27},"end":{"line":80,"column":48}},"line":80}},"branchMap":{},"s":{"0":0,"1":0,"2":0},"f":{"0":0,"1":0,"2":0},"b":{},"_coverageSchema":"1a1c01bbd47fc00a2c39e90264f33305004495a9","hash":"1c01aed2c19645bb16b484fe91b80d8ac93cc3ae"}
,"D:\\Users\\vince\\Desktop\\CSC510\\CSC510_Group8_S1-29\\Proj2\\src\\frontend\\src\\components\\Navbar.jsx": {"path":"D:\\Users\\vince\\Desktop\\CSC510\\CSC510_Group8_S1-29\\Proj2\\src\\frontend\\src\\components\\Navbar.jsx","statementMap":{"0":{"start":{"line":5,"column":2},"end":{"line":27,"column":4}},"1":{"start":{"line":18,"column":29},"end":{"line":18,"column":48}}},"fnMap":{"0":{"name":"Navbar","decl":{"start":{"line":4,"column":24},"end":{"line":4,"column":30}},"loc":{"start":{"line":4,"column":57},"end":{"line":28,"column":1}},"line":4},"1":{"name":"(anonymous_1)","decl":{"start":{"line":18,"column":23},"end":{"line":18,"column":24}},"loc":{"start":{"line":18,"column":29},"end":{"line":18,"column":48}},"line":18}},"branchMap":{"0":{"loc":{"start":{"line":16,"column":11},"end":{"line":23,"column":11}},"type":"binary-expr","locations":[{"start":{"line":16,"column":11},"end":{"line":16,"column":20}},{"start":{"line":17,"column":12},"end":{"line":22,"column":21}}],"line":16}},"s":{"0":3,"1":1},"f":{"0":3,"1":1},"b":{"0":[3,3]},"_coverageSchema":"1a1c01bbd47fc00a2c39e90264f33305004495a9","hash":"b4287931864ac0d16e803fc52c332cbf52a67b06"}
,"D:\\Users\\vince\\Desktop\\CSC510\\CSC510_Group8_S1-29\\Proj2\\src\\frontend\\src\\components\\RestaurantCard.jsx": {"path":"D:\\Users\\vince\\Desktop\\CSC510\\CSC510_Group8_S1-29\\Proj2\\src\\frontend\\src\\components\\RestaurantCard.jsx","statementMap":{"0":{"start":{"line":4,"column":2},"end":{"line":10,"column":4}}},"fnMap":{"0":{"name":"RestaurantCard","decl":{"start":{"line":3,"column":9},"end":{"line":3,"column":23}},"loc":{"start":{"line":3,"column":51},"end":{"line":11,"column":1}},"line":3}},"branchMap":{},"s":{"0":1},"f":{"0":1},"b":{},"_coverageSchema":"1a1c01bbd47fc00a2c39e90264f33305004495a9","hash":"7038ba2456bc3f94400ed676d155a03160ab61d5"}
,"D:\\Users\\vince\\Desktop\\CSC510\\CSC510_Group8_S1-29\\Proj2\\src\\frontend\\src\\components\\RestaurantDetail.jsx": {"path":"D:\\Users\\vince\\Desktop\\CSC510\\CSC510_Group8_S1-29\\Proj2\\src\\frontend\\src\\components\\RestaurantDetail.jsx","statementMap":{"0":{"start":{"line":4,"column":25},"end":{"line":156,"column":1}},"1":{"start":{"line":5,"column":2},"end":{"line":7,"column":3}},"2":{"start":{"line":6,"column":4},"end":{"line":6,"column":16}},"3":{"start":{"line":9,"column":19},"end":{"line":9,"column":81}},"4":{"start":{"line":11,"column":41},"end":{"line":20,"column":3}},"5":{"start":{"line":12,"column":4},"end":{"line":19,"column":6}},"6":{"start":{"line":22,"column":27},"end":{"line":25,"column":3}},"7":{"start":{"line":23,"column":17},"end":{"line":23,"column":49}},"8":{"start":{"line":24,"column":4},"end":{"line":24,"column":34}},"9":{"start":{"line":27,"column":2},"end":{"line":155,"column":4}},"10":{"start":{"line":86,"column":14},"end":{"line":130,"column":20}},"11":{"start":{"line":124,"column":33},"end":{"line":124,"column":62}}},"fnMap":{"0":{"name":"(anonymous_0)","decl":{"start":{"line":4,"column":25},"end":{"line":4,"column":26}},"loc":{"start":{"line":4,"column":66},"end":{"line":156,"column":1}},"line":4},"1":{"name":"(anonymous_1)","decl":{"start":{"line":11,"column":41},"end":{"line":11,"column":42}},"loc":{"start":{"line":11,"column":47},"end":{"line":20,"column":3}},"line":11},"2":{"name":"(anonymous_2)","decl":{"start":{"line":22,"column":27},"end":{"line":22,"column":28}},"loc":{"start":{"line":22,"column":33},"end":{"line":25,"column":3}},"line":22},"3":{"name":"(anonymous_3)","decl":{"start":{"line":85,"column":34},"end":{"line":85,"column":35}},"loc":{"start":{"line":86,"column":14},"end":{"line":130,"column":20}},"line":86},"4":{"name":"(anonymous_4)","decl":{"start":{"line":124,"column":27},"end":{"line":124,"column":28}},"loc":{"start":{"line":124,"column":33},"end":{"line":124,"column":62}},"line":124}},"branchMap":{"0":{"loc":{"start":{"line":5,"column":2},"end":{"line":7,"column":3}},"type":"if","locations":[{"start":{"line":5,"column":2},"end":{"line":7,"column":3}},{"start":{},"end":{}}],"line":5},"1":{"loc":{"start":{"line":9,"column":19},"end":{"line":9,"column":81}},"type":"binary-expr","locations":[{"start":{"line":9,"column":19},"end":{"line":9,"column":50}},{"start":{"line":9,"column":54},"end":{"line":9,"column":81}}],"line":9},"2":{"loc":{"start":{"line":13,"column":13},"end":{"line":13,"column":63}},"type":"binary-expr","locations":[{"start":{"line":13,"column":13},"end":{"line":13,"column":26}},{"start":{"line":13,"column":30},"end":{"line":13,"column":44}},{"start":{"line":13,"column":48},"end":{"line":13,"column":63}}],"line":13},"3":{"loc":{"start":{"line":46,"column":15},"end":{"line":46,"column":57}},"type":"binary-expr","locations":[{"start":{"line":46,"column":15},"end":{"line":46,"column":33}},{"start":{"line":46,"column":37},"end":{"line":46,"column":57}}],"line":46},"4":{"loc":{"start":{"line":51,"column":17},"end":{"line":51,"column":41}},"type":"binary-expr","locations":[{"start":{"line":51,"column":17},"end":{"line":51,"column":34}},{"start":{"line":51,"column":38},"end":{"line":51,"column":41}}],"line":51},"5":{"loc":{"start":{"line":55,"column":17},"end":{"line":55,"column":62}},"type":"binary-expr","locations":[{"start":{"line":55,"column":17},"end":{"line":55,"column":35}},{"start":{"line":55,"column":39},"end":{"line":55,"column":62}}],"line":55},"6":{"loc":{"start":{"line":59,"column":17},"end":{"line":59,"column":55}},"type":"binary-expr","locations":[{"start":{"line":59,"column":17},"end":{"line":59,"column":33}},{"start":{"line":59,"column":37},"end":{"line":59,"column":55}}],"line":59},"7":{"loc":{"start":{"line":66,"column":15},"end":{"line":66,"column":53}},"type":"cond-expr","locations":[{"start":{"line":66,"column":26},"end":{"line":66,"column":49}},{"start":{"line":66,"column":52},"end":{"line":66,"column":53}}],"line":66},"8":{"loc":{"start":{"line":73,"column":7},"end":{"line":153,"column":7}},"type":"cond-expr","locations":[{"start":{"line":74,"column":8},"end":{"line":133,"column":14}},{"start":{"line":135,"column":8},"end":{"line":152,"column":14}}],"line":73},"9":{"loc":{"start":{"line":96,"column":23},"end":{"line":96,"column":70}},"type":"binary-expr","locations":[{"start":{"line":96,"column":23},"end":{"line":96,"column":39}},{"start":{"line":96,"column":43},"end":{"line":96,"column":70}}],"line":96},"10":{"loc":{"start":{"line":99,"column":31},"end":{"line":99,"column":75}},"type":"binary-expr","locations":[{"start":{"line":99,"column":31},"end":{"line":99,"column":48}},{"start":{"line":99,"column":52},"end":{"line":99,"column":75}}],"line":99},"11":{"loc":{"start":{"line":103,"column":21},"end":{"line":107,"column":21}},"type":"binary-expr","locations":[{"start":{"line":103,"column":21},"end":{"line":103,"column":39}},{"start":{"line":103,"column":43},"end":{"line":103,"column":59}},{"start":{"line":104,"column":22},"end":{"line":106,"column":26}}],"line":103},"12":{"loc":{"start":{"line":109,"column":24},"end":{"line":109,"column":62}},"type":"binary-expr","locations":[{"start":{"line":109,"column":24},"end":{"line":109,"column":40}},{"start":{"line":109,"column":44},"end":{"line":109,"column":62}}],"line":109},"13":{"loc":{"start":{"line":111,"column":21},"end":{"line":119,"column":21}},"type":"binary-expr","locations":[{"start":{"line":111,"column":21},"end":{"line":111,"column":39}},{"start":{"line":111,"column":43},"end":{"line":111,"column":59}},{"start":{"line":112,"column":22},"end":{"line":118,"column":26}}],"line":111}},"s":{"0":2,"1":0,"2":0,"3":0,"4":0,"5":0,"6":0,"7":0,"8":0,"9":0,"10":0,"11":0},"f":{"0":0,"1":0,"2":0,"3":0,"4":0},"b":{"0":[0,0],"1":[0,0],"2":[0,0,0],"3":[0,0],"4":[0,0],"5":[0,0],"6":[0,0],"7":[0,0],"8":[0,0],"9":[0,0],"10":[0,0],"11":[0,0,0],"12":[0,0],"13":[0,0,0]},"_coverageSchema":"1a1c01bbd47fc00a2c39e90264f33305004495a9","hash":"023b514e377e1b7777bd1c7391fde7e3a0412fc5"}
,"D:\\Users\\vince\\Desktop\\CSC510\\CSC510_Group8_S1-29\\Proj2\\src\\frontend\\src\\data\\staticdata.js": {"path":"D:\\Users\\vince\\Desktop\\CSC510\\CSC510_Group8_S1-29\\Proj2\\src\\frontend\\src\\data\\staticdata.js","statementMap":{"0":{"start":{"line":6,"column":27},"end":{"line":197,"column":1}}},"fnMap":{},"branchMap":{},"s":{"0":2},"f":{},"b":{},"_coverageSchema":"1a1c01bbd47fc00a2c39e90264f33305004495a9","hash":"53a632ce6d3342ac1b674af969967af54d79422e"}
}
