TN:
SF:src\App.jsx
FN:10,App
FN:15,(anonymous_1)
FN:21,(anonymous_2)
FN:39,(anonymous_3)
FNF:4
FNH:1
FNDA:2,App
FNDA:0,(anonymous_1)
FNDA:0,(anonymous_2)
FNDA:0,(anonymous_3)
DA:11,2
DA:12,1
DA:13,1
DA:15,1
DA:16,0
DA:17,0
DA:18,0
DA:21,1
DA:22,0
DA:23,0
DA:24,0
DA:27,1
DA:39,0
LF:13
LH:6
BRDA:30,0,0,1
BRDA:30,0,1,1
BRDA:34,1,0,1
BRDA:34,1,1,1
BRDA:36,2,0,1
BRDA:36,2,1,0
BRDA:38,3,0,1
BRDA:38,3,1,0
BRDA:42,4,0,1
BRDA:42,4,1,0
BRDA:42,4,2,0
BRF:11
BRH:7
end_of_record
TN:
SF:src\components\Cart.jsx
FN:12,(anonymous_0)
FN:18,(anonymous_1)
FN:23,(anonymous_2)
FN:45,(anonymous_3)
FN:46,(anonymous_4)
FN:58,(anonymous_5)
FN:59,(anonymous_6)
FN:59,(anonymous_7)
FN:62,(anonymous_8)
FN:74,(anonymous_9)
FN:238,(anonymous_10)
FN:276,(anonymous_11)
FN:286,(anonymous_12)
FN:294,(anonymous_13)
FNF:14
FNH:8
FNDA:5,(anonymous_0)
FNDA:6,(anonymous_1)
FNDA:5,(anonymous_2)
FNDA:0,(anonymous_3)
FNDA:0,(anonymous_4)
FNDA:1,(anonymous_5)
FNDA:0,(anonymous_6)
FNDA:0,(anonymous_7)
FNDA:1,(anonymous_8)
FNDA:1,(anonymous_9)
FNDA:3,(anonymous_10)
FNDA:0,(anonymous_11)
FNDA:0,(anonymous_12)
FNDA:1,(anonymous_13)
DA:12,2
DA:13,5
DA:14,5
DA:15,5
DA:18,5
DA:19,6
DA:20,6
DA:21,6
DA:23,6
DA:24,5
DA:25,5
DA:27,5
DA:29,5
DA:30,5
DA:31,5
DA:35,6
DA:37,6
DA:45,5
DA:46,0
DA:47,0
DA:48,0
DA:49,0
DA:50,0
DA:52,0
DA:54,0
DA:58,5
DA:59,1
DA:62,5
DA:63,1
DA:64,0
DA:65,0
DA:68,1
DA:70,1
DA:71,1
DA:73,1
DA:74,1
DA:86,1
DA:92,1
DA:93,0
DA:94,0
DA:95,0
DA:98,1
DA:100,1
DA:101,0
DA:102,0
DA:103,0
DA:107,1
DA:108,1
DA:109,1
DA:111,1
DA:112,1
DA:115,0
DA:116,0
DA:118,1
DA:122,5
DA:123,5
DA:126,5
DA:127,1
DA:170,4
DA:171,1
DA:204,3
DA:239,3
DA:276,0
DA:286,0
DA:294,1
LF:65
LH:46
BRDA:24,0,0,5
BRDA:24,0,1,0
BRDA:29,1,0,5
BRDA:29,1,1,0
BRDA:29,2,0,5
BRDA:29,2,1,5
BRDA:49,3,0,0
BRDA:49,3,1,0
BRDA:63,4,0,0
BRDA:63,4,1,1
BRDA:77,5,0,1
BRDA:77,5,1,0
BRDA:79,6,0,1
BRDA:79,6,1,1
BRDA:83,7,0,1
BRDA:83,7,1,0
BRDA:83,8,0,1
BRDA:83,8,1,1
BRDA:92,9,0,0
BRDA:92,9,1,1
BRDA:100,10,0,0
BRDA:100,10,1,1
BRDA:102,11,0,0
BRDA:102,11,1,0
BRDA:111,12,0,1
BRDA:111,12,1,0
BRDA:123,13,0,5
BRDA:123,13,1,4
BRDA:126,14,0,1
BRDA:126,14,1,4
BRDA:140,15,0,1
BRDA:140,15,1,1
BRDA:147,16,0,1
BRDA:147,16,1,0
BRDA:170,17,0,1
BRDA:170,17,1,3
BRDA:170,18,0,4
BRDA:170,18,1,4
BRDA:248,19,0,3
BRDA:248,19,1,3
BRDA:253,20,0,3
BRDA:253,20,1,0
BRDA:261,21,0,3
BRDA:261,21,1,3
BRDA:268,22,0,3
BRDA:268,22,1,0
BRDA:338,23,0,1
BRDA:338,23,1,2
BRF:48
BRH:33
end_of_record
TN:
SF:src\components\CustomerLogin.jsx
FN:5,CustomerLogin
FN:11,(anonymous_1)
FN:67,(anonymous_2)
FN:86,(anonymous_3)
FN:104,(anonymous_4)
FN:120,(anonymous_5)
FNF:6
FNH:5
FNDA:6,CustomerLogin
FNDA:1,(anonymous_1)
FNDA:0,(anonymous_2)
FNDA:1,(anonymous_3)
FNDA:1,(anonymous_4)
FNDA:1,(anonymous_5)
DA:6,6
DA:7,6
DA:8,6
DA:9,6
DA:11,6
DA:12,1
DA:15,1
DA:16,1
DA:18,1
DA:19,1
DA:24,1
DA:26,1
DA:27,1
DA:28,0
DA:29,0
DA:31,1
DA:34,0
DA:37,0
DA:38,0
DA:42,6
DA:67,0
DA:86,1
DA:104,1
DA:120,1
DA:139,2
LF:25
LH:19
BRDA:15,0,0,0
BRDA:15,0,1,1
BRDA:16,1,0,0
BRDA:16,1,1,1
BRDA:26,2,0,1
BRDA:26,2,1,0
BRDA:27,3,0,0
BRDA:27,3,1,1
BRDA:34,4,0,0
BRDA:34,4,1,0
BRDA:51,5,0,1
BRDA:51,5,1,5
BRDA:54,6,0,6
BRDA:54,6,1,1
BRDA:114,7,0,1
BRDA:114,7,1,5
BRDA:123,8,0,1
BRDA:123,8,1,5
BRF:18
BRH:12
end_of_record
TN:
SF:src\components\Dashboard.jsx
FN:27,(anonymous_0)
FN:64,(anonymous_1)
FN:76,(anonymous_2)
FN:78,(anonymous_3)
FN:79,(anonymous_4)
FN:90,(anonymous_5)
FN:97,(anonymous_6)
FN:98,(anonymous_7)
FN:99,(anonymous_8)
FN:103,(anonymous_9)
FN:122,(anonymous_10)
FN:123,(anonymous_11)
FN:124,(anonymous_12)
FN:129,(anonymous_13)
FN:135,(anonymous_14)
FN:136,(anonymous_15)
FN:140,(anonymous_16)
FN:144,(anonymous_17)
FN:156,(anonymous_18)
FN:165,(anonymous_19)
FN:168,(anonymous_20)
FN:179,(anonymous_21)
FN:180,(anonymous_22)
FN:184,(anonymous_23)
FN:192,(anonymous_24)
FN:205,(anonymous_25)
FN:220,(anonymous_26)
FN:221,(anonymous_27)
FN:242,(anonymous_28)
FN:254,(anonymous_29)
FN:262,(anonymous_30)
FN:267,(anonymous_31)
FN:306,(anonymous_32)
FN:316,(anonymous_33)
FN:326,(anonymous_34)
FN:336,(anonymous_35)
FN:346,(anonymous_36)
FN:357,(anonymous_37)
FN:366,(anonymous_38)
FN:376,(anonymous_39)
FN:382,(anonymous_40)
FN:388,(anonymous_41)
FN:394,(anonymous_42)
FN:400,(anonymous_43)
FN:412,(anonymous_44)
FN:442,(anonymous_45)
FN:448,(anonymous_46)
FN:458,(anonymous_47)
FN:459,(anonymous_48)
FN:462,(anonymous_49)
FN:475,(anonymous_50)
FN:504,(anonymous_51)
FN:553,(anonymous_52)
FN:662,(anonymous_53)
FN:729,(anonymous_54)
FN:767,(anonymous_55)
FN:832,(anonymous_56)
FN:833,(anonymous_57)
FN:865,(anonymous_58)
FNF:59
FNH:22
FNDA:10,(anonymous_0)
FNDA:0,(anonymous_1)
FNDA:3,(anonymous_2)
FNDA:3,(anonymous_3)
FNDA:3,(anonymous_4)
FNDA:0,(anonymous_5)
FNDA:3,(anonymous_6)
FNDA:3,(anonymous_7)
FNDA:0,(anonymous_8)
FNDA:3,(anonymous_9)
FNDA:3,(anonymous_10)
FNDA:3,(anonymous_11)
FNDA:3,(anonymous_12)
FNDA:0,(anonymous_13)
FNDA:3,(anonymous_14)
FNDA:3,(anonymous_15)
FNDA:0,(anonymous_16)
FNDA:0,(anonymous_17)
FNDA:0,(anonymous_18)
FNDA:7,(anonymous_19)
FNDA:7,(anonymous_20)
FNDA:0,(anonymous_21)
FNDA:0,(anonymous_22)
FNDA:0,(anonymous_23)
FNDA:0,(anonymous_24)
FNDA:0,(anonymous_25)
FNDA:0,(anonymous_26)
FNDA:0,(anonymous_27)
FNDA:0,(anonymous_28)
FNDA:2,(anonymous_29)
FNDA:0,(anonymous_30)
FNDA:0,(anonymous_31)
FNDA:0,(anonymous_32)
FNDA:1,(anonymous_33)
FNDA:1,(anonymous_34)
FNDA:0,(anonymous_35)
FNDA:0,(anonymous_36)
FNDA:0,(anonymous_37)
FNDA:1,(anonymous_38)
FNDA:0,(anonymous_39)
FNDA:0,(anonymous_40)
FNDA:0,(anonymous_41)
FNDA:0,(anonymous_42)
FNDA:1,(anonymous_43)
FNDA:0,(anonymous_44)
FNDA:0,(anonymous_45)
FNDA:0,(anonymous_46)
FNDA:8,(anonymous_47)
FNDA:4,(anonymous_48)
FNDA:0,(anonymous_49)
FNDA:4,(anonymous_50)
FNDA:0,(anonymous_51)
FNDA:0,(anonymous_52)
FNDA:0,(anonymous_53)
FNDA:0,(anonymous_54)
FNDA:0,(anonymous_55)
FNDA:0,(anonymous_56)
FNDA:0,(anonymous_57)
FNDA:0,(anonymous_58)
DA:27,2
DA:28,10
DA:29,10
DA:30,10
DA:31,10
DA:32,10
DA:33,10
DA:34,10
DA:38,10
DA:41,10
DA:44,10
DA:45,10
DA:53,10
DA:58,10
DA:60,10
DA:61,10
DA:64,10
DA:65,0
DA:76,10
DA:77,3
DA:78,3
DA:80,3
DA:81,3
DA:83,0
DA:86,0
DA:88,3
DA:91,0
DA:92,0
DA:93,0
DA:96,3
DA:97,3
DA:98,3
DA:99,0
DA:103,10
DA:104,3
DA:105,0
DA:113,0
DA:114,0
DA:115,0
DA:118,3
DA:121,3
DA:122,3
DA:124,3
DA:130,0
DA:134,3
DA:135,3
DA:137,3
DA:138,3
DA:141,0
DA:145,0
DA:146,0
DA:147,0
DA:149,3
DA:150,3
DA:152,0
DA:153,0
DA:157,0
DA:158,0
DA:163,10
DA:165,7
DA:168,10
DA:170,7
DA:174,7
DA:176,7
DA:179,10
DA:180,0
DA:183,0
DA:184,0
DA:185,0
DA:192,10
DA:193,0
DA:199,0
DA:203,0
DA:205,0
DA:206,0
DA:207,0
DA:209,0
DA:211,0
DA:214,0
DA:215,0
DA:218,0
DA:220,0
DA:221,0
DA:222,0
DA:223,0
DA:226,0
DA:227,0
DA:234,0
DA:235,0
DA:238,0
DA:239,0
DA:242,10
DA:243,0
DA:245,0
DA:246,0
DA:248,0
DA:251,0
DA:254,10
DA:255,2
DA:256,2
DA:257,2
DA:258,0
DA:262,10
DA:263,0
DA:264,0
DA:267,10
DA:268,0
DA:269,0
DA:272,10
DA:273,3
DA:287,7
DA:306,0
DA:316,1
DA:326,1
DA:336,0
DA:346,0
DA:357,0
DA:366,1
DA:376,0
DA:382,0
DA:388,0
DA:394,0
DA:400,1
DA:413,0
DA:414,0
DA:442,0
DA:448,0
DA:458,8
DA:460,4
DA:462,0
DA:477,4
DA:479,4
DA:481,4
DA:485,4
DA:504,0
DA:554,0
DA:662,0
DA:730,0
DA:767,0
DA:832,0
DA:835,0
DA:865,0
LF:142
LH:66
BRDA:66,0,0,0
BRDA:66,0,1,0
BRDA:66,0,2,0
BRDA:80,1,0,3
BRDA:80,1,1,0
BRDA:80,2,0,3
BRDA:80,2,1,3
BRDA:104,3,0,0
BRDA:104,3,1,3
BRDA:104,4,0,3
BRDA:104,4,1,3
BRDA:137,5,0,3
BRDA:137,5,1,0
BRDA:137,6,0,3
BRDA:137,6,1,3
BRDA:137,6,2,3
BRDA:141,7,0,0
BRDA:141,7,1,0
BRDA:145,8,0,0
BRDA:145,8,1,0
BRDA:146,9,0,0
BRDA:146,9,1,0
BRDA:170,10,0,7
BRDA:170,10,1,0
BRDA:171,11,0,0
BRDA:171,11,1,0
BRDA:174,12,0,7
BRDA:174,12,1,0
BRDA:176,13,0,7
BRDA:176,13,1,7
BRDA:193,14,0,0
BRDA:193,14,1,0
BRDA:194,15,0,0
BRDA:194,15,1,0
BRDA:194,15,2,0
BRDA:194,15,3,0
BRDA:206,16,0,0
BRDA:206,16,1,0
BRDA:206,17,0,0
BRDA:206,17,1,0
BRDA:211,18,0,0
BRDA:211,18,1,0
BRDA:211,19,0,0
BRDA:211,19,1,0
BRDA:214,20,0,0
BRDA:214,20,1,0
BRDA:222,21,0,0
BRDA:222,21,1,0
BRDA:234,22,0,0
BRDA:234,22,1,0
BRDA:245,23,0,0
BRDA:245,23,1,0
BRDA:257,24,0,0
BRDA:257,24,1,2
BRDA:272,25,0,3
BRDA:272,25,1,7
BRDA:308,26,0,4
BRDA:308,26,1,3
BRDA:308,27,0,7
BRDA:308,27,1,3
BRDA:318,28,0,1
BRDA:318,28,1,6
BRDA:328,29,0,1
BRDA:328,29,1,6
BRDA:338,30,0,0
BRDA:338,30,1,7
BRDA:350,31,0,7
BRDA:350,31,1,0
BRDA:368,32,0,2
BRDA:368,32,1,5
BRDA:372,33,0,7
BRDA:372,33,1,2
BRDA:405,34,0,2
BRDA:405,34,1,0
BRDA:427,35,0,7
BRDA:427,35,1,3
BRDA:427,35,2,4
BRDA:429,36,0,4
BRDA:429,36,1,4
BRDA:450,37,0,4
BRDA:450,37,1,0
BRDA:464,38,0,0
BRDA:464,38,1,4
BRDA:477,39,0,4
BRDA:477,39,1,0
BRDA:477,39,2,0
BRDA:479,40,0,4
BRDA:479,40,1,4
BRDA:481,41,0,4
BRDA:481,41,1,0
BRDA:497,42,0,4
BRDA:497,42,1,0
BRDA:498,43,0,4
BRDA:498,43,1,0
BRDA:509,44,0,0
BRDA:509,44,1,4
BRDA:520,45,0,4
BRDA:520,45,1,0
BRDA:524,46,0,4
BRDA:524,46,1,4
BRDA:528,47,0,4
BRDA:528,47,1,4
BRDA:534,48,0,4
BRDA:534,48,1,0
BRDA:537,49,0,4
BRDA:537,49,1,0
BRDA:588,50,0,4
BRDA:588,50,1,0
BRDA:601,51,0,4
BRDA:601,51,1,0
BRDA:613,52,0,4
BRDA:613,52,1,0
BRDA:630,53,0,4
BRDA:630,53,1,0
BRDA:636,54,0,4
BRDA:636,54,1,0
BRDA:644,55,0,4
BRDA:644,55,1,0
BRDA:650,56,0,4
BRDA:650,56,1,0
BRDA:659,57,0,4
BRDA:659,57,1,0
BRDA:659,57,2,0
BRDA:669,58,0,7
BRDA:669,58,1,1
BRDA:683,59,0,1
BRDA:683,59,1,0
BRDA:691,60,0,1
BRDA:691,60,1,0
BRDA:699,61,0,1
BRDA:699,61,1,0
BRDA:707,62,0,1
BRDA:707,62,1,0
BRDA:718,63,0,0
BRDA:718,63,1,1
BRDA:718,64,0,1
BRDA:718,64,1,1
BRDA:722,65,0,1
BRDA:722,65,1,0
BRDA:736,66,0,0
BRDA:736,66,1,0
BRDA:736,67,0,0
BRDA:736,67,1,0
BRDA:736,67,2,0
BRDA:743,68,0,0
BRDA:743,68,1,0
BRDA:748,69,0,0
BRDA:748,69,1,0
BRDA:748,70,0,0
BRDA:748,70,1,0
BRDA:752,71,0,0
BRDA:752,71,1,0
BRDA:752,72,0,0
BRDA:752,72,1,0
BRDA:755,73,0,0
BRDA:755,73,1,0
BRDA:760,74,0,0
BRDA:760,74,1,0
BRDA:782,75,0,7
BRDA:782,75,1,0
BRDA:791,76,0,7
BRDA:791,76,1,1
BRDA:805,77,0,1
BRDA:805,77,1,0
BRDA:813,78,0,1
BRDA:813,78,1,0
BRDA:821,79,0,1
BRDA:821,79,1,0
BRDA:828,80,0,7
BRDA:828,80,1,1
BRDA:841,81,0,7
BRDA:841,81,1,0
BRDA:852,82,0,7
BRDA:852,82,1,0
BRF:174
BRH:81
end_of_record
TN:
SF:src\components\Footer.jsx
FN:3,(anonymous_0)
FNF:1
FNH:1
FNDA:1,(anonymous_0)
DA:3,1
DA:4,1
LF:2
LH:2
BRF:0
BRH:0
end_of_record
TN:
SF:src\components\Home.jsx
FN:4,Home
FN:12,(anonymous_1)
FN:15,(anonymous_2)
FN:16,(anonymous_3)
FN:17,(anonymous_4)
FN:21,(anonymous_5)
FN:22,(anonymous_6)
FN:23,(anonymous_7)
FN:26,(anonymous_8)
FN:48,(anonymous_9)
FN:104,(anonymous_10)
FN:116,(anonymous_11)
FN:139,(anonymous_12)
FNF:13
FNH:9
FNDA:5,Home
FNDA:3,(anonymous_1)
FNDA:3,(anonymous_2)
FNDA:3,(anonymous_3)
FNDA:0,(anonymous_4)
FNDA:3,(anonymous_5)
FNDA:3,(anonymous_6)
FNDA:0,(anonymous_7)
FNDA:10,(anonymous_8)
FNDA:0,(anonymous_9)
FNDA:0,(anonymous_10)
FNDA:4,(anonymous_11)
FNDA:15,(anonymous_12)
DA:5,5
DA:6,5
DA:12,5
DA:14,3
DA:15,3
DA:16,3
DA:17,0
DA:20,3
DA:21,3
DA:22,3
DA:23,0
DA:26,5
DA:27,10
DA:28,10
DA:29,10
DA:30,8
DA:33,5
DA:48,0
DA:104,0
DA:117,4
DA:139,2
DA:140,15
LF:22
LH:18
BRDA:27,0,0,0
BRDA:27,0,1,10
BRDA:28,1,0,0
BRDA:28,1,1,10
BRDA:29,2,0,2
BRDA:29,2,1,8
BRDA:79,3,0,5
BRDA:79,3,1,3
BRDA:112,4,0,3
BRDA:112,4,1,2
BRDA:127,5,0,4
BRDA:127,5,1,0
BRF:12
BRH:9
end_of_record
TN:
SF:src\components\ImpactCard.jsx
FN:3,ImpactCard
FNF:1
FNH:1
FNDA:1,ImpactCard
DA:4,1
LF:1
LH:1
BRF:0
BRH:0
end_of_record
TN:
SF:src\components\LeaderboardPanel.jsx
FN:11,LeaderboardPanel
FN:16,(anonymous_1)
FN:17,(anonymous_2)
FN:28,(anonymous_3)
FN:34,(anonymous_4)
FN:42,(anonymous_5)
FN:49,(anonymous_6)
FN:55,(anonymous_7)
FN:88,(anonymous_8)
FNF:9
FNH:6
FNDA:4,LeaderboardPanel
FNDA:2,(anonymous_1)
FNDA:2,(anonymous_2)
FNDA:0,(anonymous_3)
FNDA:0,(anonymous_4)
FNDA:2,(anonymous_5)
FNDA:0,(anonymous_6)
FNDA:1,(anonymous_7)
FNDA:2,(anonymous_8)
DA:12,4
DA:13,4
DA:14,4
DA:16,4
DA:17,2
DA:18,2
DA:19,2
DA:20,2
DA:21,1
DA:23,1
DA:26,1
DA:27,0
DA:28,0
DA:34,0
DA:41,1
DA:42,2
DA:48,0
DA:49,0
DA:55,1
DA:56,1
DA:58,1
DA:60,2
DA:66,4
DA:67,2
DA:69,2
DA:70,1
DA:73,1
DA:74,0
DA:77,1
DA:89,2
LF:30
LH:24
BRDA:26,0,0,0
BRDA:26,0,1,1
BRDA:26,1,0,1
BRDA:26,1,1,1
BRDA:26,1,2,1
BRDA:27,2,0,0
BRDA:27,2,1,0
BRDA:29,3,0,0
BRDA:29,3,1,0
BRDA:29,3,2,0
BRDA:29,4,0,0
BRDA:29,4,1,0
BRDA:30,5,0,0
BRDA:30,5,1,0
BRDA:30,5,2,0
BRDA:36,6,0,0
BRDA:36,6,1,0
BRDA:41,7,0,1
BRDA:41,7,1,0
BRDA:43,8,0,2
BRDA:43,8,1,0
BRDA:43,8,2,0
BRDA:43,9,0,0
BRDA:43,9,1,0
BRDA:44,10,0,2
BRDA:44,10,1,0
BRDA:44,10,2,0
BRDA:48,11,0,0
BRDA:48,11,1,0
BRDA:48,12,0,0
BRDA:48,12,1,0
BRDA:51,13,0,0
BRDA:51,13,1,0
BRDA:55,14,0,1
BRDA:55,14,1,0
BRDA:66,15,0,2
BRDA:66,15,1,2
BRDA:69,16,0,1
BRDA:69,16,1,1
BRDA:73,17,0,0
BRDA:73,17,1,1
BRDA:89,18,0,2
BRDA:89,18,1,0
BRF:43
BRH:14
end_of_record
TN:
SF:src\components\LoginChoice.jsx
FN:4,LoginChoice
FN:19,(anonymous_1)
FN:80,(anonymous_2)
FNF:3
FNH:0
FNDA:0,LoginChoice
FNDA:0,(anonymous_1)
FNDA:0,(anonymous_2)
DA:5,0
DA:19,0
DA:80,0
LF:3
LH:0
BRF:0
BRH:0
end_of_record
TN:
SF:src\components\Navbar.jsx
FN:4,Navbar
FN:18,(anonymous_1)
FNF:2
FNH:2
FNDA:3,Navbar
FNDA:1,(anonymous_1)
DA:5,3
DA:18,1
LF:2
LH:2
BRDA:16,0,0,3
BRDA:16,0,1,3
BRF:2
BRH:2
end_of_record
TN:
SF:src\components\RestaurantCard.jsx
FN:3,RestaurantCard
FNF:1
FNH:1
FNDA:1,RestaurantCard
DA:4,1
LF:1
LH:1
BRF:0
BRH:0
end_of_record
TN:
SF:src\components\RestaurantDetail.jsx
FN:4,(anonymous_0)
FN:11,(anonymous_1)
FN:22,(anonymous_2)
FN:85,(anonymous_3)
FN:124,(anonymous_4)
FNF:5
FNH:0
FNDA:0,(anonymous_0)
FNDA:0,(anonymous_1)
FNDA:0,(anonymous_2)
FNDA:0,(anonymous_3)
FNDA:0,(anonymous_4)
DA:4,2
DA:5,0
DA:6,0
DA:9,0
DA:11,0
DA:12,0
DA:22,0
DA:23,0
DA:24,0
DA:27,0
DA:86,0
DA:124,0
LF:12
LH:1
BRDA:5,0,0,0
BRDA:5,0,1,0
BRDA:9,1,0,0
BRDA:9,1,1,0
BRDA:13,2,0,0
BRDA:13,2,1,0
BRDA:13,2,2,0
BRDA:46,3,0,0
BRDA:46,3,1,0
BRDA:51,4,0,0
BRDA:51,4,1,0
BRDA:55,5,0,0
BRDA:55,5,1,0
BRDA:59,6,0,0
BRDA:59,6,1,0
BRDA:66,7,0,0
BRDA:66,7,1,0
BRDA:73,8,0,0
BRDA:73,8,1,0
BRDA:96,9,0,0
BRDA:96,9,1,0
BRDA:99,10,0,0
BRDA:99,10,1,0
BRDA:103,11,0,0
BRDA:103,11,1,0
BRDA:103,11,2,0
BRDA:109,12,0,0
BRDA:109,12,1,0
BRDA:111,13,0,0
BRDA:111,13,1,0
BRDA:111,13,2,0
BRF:31
BRH:0
end_of_record
TN:
SF:src\data\staticdata.js
FNF:0
FNH:0
DA:6,2
LF:1
LH:1
BRF:0
BRH:0
end_of_record
